  [4;36;1mSQL (0.000266)[0m   [0;1mSET NAMES 'utf8'[0m
  [4;35;1mSQL (0.000204)[0m   [0mSET SQL_AUTO_IS_NULL=0[0m
  [4;36;1mSQL (0.070049)[0m   [0;1mCREATE TABLE `schema_info` (version int(11))[0m
  [4;35;1mSQL (0.011768)[0m   [0mINSERT INTO `schema_info` (version) VALUES(0)[0m
  [4;36;1mSQL (0.000000)[0m   [0;1mMysql::Error: Table 'schema_info' already exists: CREATE TABLE `schema_info` (version int(11))[0m
  [4;35;1mSQL (0.000269)[0m   [0mSELECT * FROM schema_info[0m
  [4;36;1mSQL (0.000522)[0m   [0;1mSHOW TABLES[0m
  [4;36;1mSQL (0.000164)[0m   [0;1mSET NAMES 'utf8'[0m
  [4;35;1mSQL (0.000121)[0m   [0mSET SQL_AUTO_IS_NULL=0[0m
  [4;36;1mSQL (0.000000)[0m   [0;1mMysql::Error: Table 'schema_info' already exists: CREATE TABLE `schema_info` (version int(11))[0m
  [4;35;1mSQL (0.000000)[0m   [0mMysql::Error: Table 'schema_info' already exists: CREATE TABLE `schema_info` (version int(11))[0m
  [4;36;1mSQL (0.000214)[0m   [0;1mSELECT version FROM schema_info[0m
Migrating to CreateSignups (1)
  [4;35;1mSQL (0.635106)[0m   [0mCREATE TABLE `signups` (`id` int(11) DEFAULT NULL auto_increment PRIMARY KEY, `email` varchar(255) DEFAULT NULL, `firstname` varchar(255) DEFAULT NULL, `lastname` varchar(255) DEFAULT NULL, `zip` varchar(255) DEFAULT NULL, `cell` varchar(255) DEFAULT NULL, `created_at` datetime DEFAULT NULL, `updated_at` datetime DEFAULT NULL) ENGINE=InnoDB[0m
  [4;36;1mSQL (0.000740)[0m   [0;1mUPDATE schema_info SET version = 1[0m
  [4;35;1mSQL (0.000246)[0m   [0mSELECT * FROM schema_info[0m
  [4;36;1mSQL (0.000423)[0m   [0;1mSHOW TABLES[0m
  [4;35;1mSQL (0.002360)[0m   [0mSHOW FIELDS FROM `signups`[0m
  [4;36;1mSQL (0.001782)[0m   [0;1mdescribe `signups`[0m
  [4;35;1mSQL (0.000733)[0m   [0mSHOW KEYS FROM `signups`[0m


Processing SignupsController#new (for 127.0.0.1 at 2007-12-19 20:59:00) [GET]
  Session ID: cb75b13b5db3aef52b8c811767b213ec
  Parameters: {"action"=>"new", "controller"=>"signups"}
  [4;36;1mSQL (0.000157)[0m   [0;1mSET NAMES 'utf8'[0m
  [4;35;1mSQL (0.000125)[0m   [0mSET SQL_AUTO_IS_NULL=0[0m
  [4;36;1mSignup Columns (0.001561)[0m   [0;1mSHOW FIELDS FROM `signups`[0m
Rendering template within layouts/signups
Rendering signups/new
Completed in 0.03776 (26 reqs/sec) | Rendering: 0.02996 (79%) | DB: 0.00184 (4%) | 200 OK [http://localhost/]


Processing SignupsController#new (for 127.0.0.1 at 2007-12-19 20:59:39) [GET]
  Session ID: BAh7BzoMY3NyZl9pZCIlNDYyYmFkNDBjNzc1YmYwMzhmNzZhYmZhYzE2NTIx%0AZmMiCmZsYXNoSUM6J0FjdGlvbkNvbnRyb2xsZXI6OkZsYXNoOjpGbGFzaEhh%0Ac2h7AAY6CkB1c2VkewA%3D--d7cb5dfd2371099b55720aaf7be456101d72bf01
  Parameters: {"action"=>"new", "controller"=>"signups"}
  [4;35;1mSignup Columns (0.001886)[0m   [0mSHOW FIELDS FROM `signups`[0m
Rendering template within layouts/signups
Rendering signups/new
Completed in 0.00883 (113 reqs/sec) | Rendering: 0.00210 (23%) | DB: 0.00189 (21%) | 200 OK [http://localhost/]


Processing SignupsController#new (for 127.0.0.1 at 2007-12-19 21:01:33) [GET]
  Session ID: BAh7BzoMY3NyZl9pZCIlNDYyYmFkNDBjNzc1YmYwMzhmNzZhYmZhYzE2NTIx%0AZmMiCmZsYXNoSUM6J0FjdGlvbkNvbnRyb2xsZXI6OkZsYXNoOjpGbGFzaEhh%0Ac2h7AAY6CkB1c2VkewA%3D--d7cb5dfd2371099b55720aaf7be456101d72bf01
  Parameters: {"action"=>"new", "controller"=>"signups"}
  [4;36;1mSignup Columns (0.001861)[0m   [0;1mSHOW FIELDS FROM `signups`[0m
Rendering template within layouts/signups
Rendering signups/new
Completed in 0.00876 (114 reqs/sec) | Rendering: 0.00149 (17%) | DB: 0.00186 (21%) | 200 OK [http://localhost/]


Processing SignupsController#new (for 127.0.0.1 at 2007-12-19 21:02:03) [GET]
  Session ID: BAh7BzoMY3NyZl9pZCIlNDYyYmFkNDBjNzc1YmYwMzhmNzZhYmZhYzE2NTIx%0AZmMiCmZsYXNoSUM6J0FjdGlvbkNvbnRyb2xsZXI6OkZsYXNoOjpGbGFzaEhh%0Ac2h7AAY6CkB1c2VkewA%3D--d7cb5dfd2371099b55720aaf7be456101d72bf01
  Parameters: {"action"=>"new", "controller"=>"signups"}
  [4;35;1mSignup Columns (0.001805)[0m   [0mSHOW FIELDS FROM `signups`[0m
Rendering template within layouts/signups
Rendering signups/new
Completed in 0.00818 (122 reqs/sec) | Rendering: 0.00147 (17%) | DB: 0.00180 (22%) | 200 OK [http://localhost/]


Processing SignupsController#new (for 127.0.0.1 at 2007-12-19 21:02:08) [GET]
  Session ID: BAh7BzoMY3NyZl9pZCIlNDYyYmFkNDBjNzc1YmYwMzhmNzZhYmZhYzE2NTIx%0AZmMiCmZsYXNoSUM6J0FjdGlvbkNvbnRyb2xsZXI6OkZsYXNoOjpGbGFzaEhh%0Ac2h7AAY6CkB1c2VkewA%3D--d7cb5dfd2371099b55720aaf7be456101d72bf01
  Parameters: {"action"=>"new", "controller"=>"signups"}
  [4;36;1mSignup Columns (0.002432)[0m   [0;1mSHOW FIELDS FROM `signups`[0m
Rendering template within layouts/signups
Rendering signups/new
Completed in 0.01062 (94 reqs/sec) | Rendering: 0.00239 (22%) | DB: 0.00243 (22%) | 200 OK [http://localhost/]


Processing SignupsController#new (for 127.0.0.1 at 2007-12-19 21:05:07) [GET]
  Session ID: BAh7BzoMY3NyZl9pZCIlNDYyYmFkNDBjNzc1YmYwMzhmNzZhYmZhYzE2NTIx%0AZmMiCmZsYXNoSUM6J0FjdGlvbkNvbnRyb2xsZXI6OkZsYXNoOjpGbGFzaEhh%0Ac2h7AAY6CkB1c2VkewA%3D--d7cb5dfd2371099b55720aaf7be456101d72bf01
  Parameters: {"action"=>"new", "controller"=>"signups"}
  [4;35;1mSignup Columns (0.002010)[0m   [0mSHOW FIELDS FROM `signups`[0m
Rendering template within layouts/signups
Rendering signups/new
Completed in 0.00997 (100 reqs/sec) | Rendering: 0.00219 (21%) | DB: 0.00201 (20%) | 200 OK [http://localhost/]


Processing SignupsController#new (for 127.0.0.1 at 2007-12-19 21:05:17) [GET]
  Session ID: BAh7BzoMY3NyZl9pZCIlNDYyYmFkNDBjNzc1YmYwMzhmNzZhYmZhYzE2NTIx%0AZmMiCmZsYXNoSUM6J0FjdGlvbkNvbnRyb2xsZXI6OkZsYXNoOjpGbGFzaEhh%0Ac2h7AAY6CkB1c2VkewA%3D--d7cb5dfd2371099b55720aaf7be456101d72bf01
  Parameters: {"action"=>"new", "controller"=>"signups"}
  [4;36;1mSignup Columns (0.002424)[0m   [0;1mSHOW FIELDS FROM `signups`[0m
Rendering template within layouts/signups
Rendering signups/new
Completed in 0.01183 (84 reqs/sec) | Rendering: 0.00280 (23%) | DB: 0.00242 (20%) | 200 OK [http://localhost/]


Processing SignupsController#new (for 127.0.0.1 at 2007-12-19 21:05:58) [GET]
  Session ID: BAh7BzoMY3NyZl9pZCIlNDYyYmFkNDBjNzc1YmYwMzhmNzZhYmZhYzE2NTIx%0AZmMiCmZsYXNoSUM6J0FjdGlvbkNvbnRyb2xsZXI6OkZsYXNoOjpGbGFzaEhh%0Ac2h7AAY6CkB1c2VkewA%3D--d7cb5dfd2371099b55720aaf7be456101d72bf01
  Parameters: {"action"=>"new", "controller"=>"signups"}
  [4;35;1mSignup Columns (0.001808)[0m   [0mSHOW FIELDS FROM `signups`[0m
Rendering template within layouts/signups
Rendering signups/new
Completed in 0.00847 (118 reqs/sec) | Rendering: 0.00153 (18%) | DB: 0.00181 (21%) | 200 OK [http://localhost/]


Processing SignupsController#new (for 127.0.0.1 at 2007-12-19 21:15:12) [GET]
  Session ID: BAh7BzoMY3NyZl9pZCIlNDYyYmFkNDBjNzc1YmYwMzhmNzZhYmZhYzE2NTIx%0AZmMiCmZsYXNoSUM6J0FjdGlvbkNvbnRyb2xsZXI6OkZsYXNoOjpGbGFzaEhh%0Ac2h7AAY6CkB1c2VkewA%3D--d7cb5dfd2371099b55720aaf7be456101d72bf01
  Parameters: {"action"=>"new", "controller"=>"signups"}
  [4;36;1mSignup Columns (0.002047)[0m   [0;1mSHOW FIELDS FROM `signups`[0m
Rendering template within layouts/signups
Rendering signups/new
Completed in 0.00893 (111 reqs/sec) | Rendering: 0.00158 (17%) | DB: 0.00205 (22%) | 200 OK [http://localhost/]


Processing SignupsController#new (for 127.0.0.1 at 2007-12-19 21:16:03) [GET]
  Session ID: BAh7BzoMY3NyZl9pZCIlNDYyYmFkNDBjNzc1YmYwMzhmNzZhYmZhYzE2NTIx%0AZmMiCmZsYXNoSUM6J0FjdGlvbkNvbnRyb2xsZXI6OkZsYXNoOjpGbGFzaEhh%0Ac2h7AAY6CkB1c2VkewA%3D--d7cb5dfd2371099b55720aaf7be456101d72bf01
  Parameters: {"action"=>"new", "controller"=>"signups"}
  [4;35;1mSignup Columns (0.001939)[0m   [0mSHOW FIELDS FROM `signups`[0m
Rendering template within layouts/signups
Rendering signups/new


ActionView::TemplateError (undefined method `text' for #<ActionView::Helpers::FormBuilder:0x2705484>) on line #7 of signups/new.html.erb:
4: 
5: <% form_for(@signup) do |f| %>
6:   <p><label for="">First Name</label><br />
7: 	<%= f.text :firstname %></p>
8:   <p>
9:     <%= f.submit "Create" %>
10:   </p>

    app/views/signups/new.html.erb:7:in `_run_erb_47app47views47signups47new46html46erb'
    /usr/local/lib/ruby/gems/1.8/gems/actionpack-2.0.1/lib/action_view/helpers/form_helper.rb:248:in `fields_for'
    /usr/local/lib/ruby/gems/1.8/gems/actionpack-2.0.1/lib/action_view/helpers/form_helper.rb:184:in `form_for'
    app/views/signups/new.html.erb:5:in `_run_erb_47app47views47signups47new46html46erb'
    /usr/local/lib/ruby/gems/1.8/gems/actionpack-2.0.1/lib/action_view/base.rb:390:in `send'
    /usr/local/lib/ruby/gems/1.8/gems/actionpack-2.0.1/lib/action_view/base.rb:390:in `compile_and_render_template'
    /usr/local/lib/ruby/gems/1.8/gems/actionpack-2.0.1/lib/action_view/base.rb:366:in `render_template'
    /usr/local/lib/ruby/gems/1.8/gems/actionpack-2.0.1/lib/action_view/base.rb:316:in `render_file'
    /usr/local/lib/ruby/gems/1.8/gems/actionpack-2.0.1/lib/action_controller/base.rb:1110:in `render_for_file'
    /usr/local/lib/ruby/gems/1.8/gems/actionpack-2.0.1/lib/action_controller/base.rb:858:in `render_with_no_layout'
    /usr/local/lib/ruby/gems/1.8/gems/actionpack-2.0.1/lib/action_controller/base.rb:872:in `render_with_no_layout'
    /usr/local/lib/ruby/gems/1.8/gems/actionpack-2.0.1/lib/action_controller/layout.rb:261:in `render_without_benchmark'
    /usr/local/lib/ruby/gems/1.8/gems/actionpack-2.0.1/lib/action_controller/benchmarking.rb:51:in `render'
    /usr/local/lib/ruby/1.8/benchmark.rb:293:in `measure'
    /usr/local/lib/ruby/gems/1.8/gems/actionpack-2.0.1/lib/action_controller/benchmarking.rb:51:in `render'
    /usr/local/lib/ruby/gems/1.8/gems/actionpack-2.0.1/lib/action_controller/mime_responds.rb:131:in `send'
    /usr/local/lib/ruby/gems/1.8/gems/actionpack-2.0.1/lib/action_controller/mime_responds.rb:131:in `custom'
    /usr/local/lib/ruby/gems/1.8/gems/actionpack-2.0.1/lib/action_controller/mime_responds.rb:156:in `call'
    /usr/local/lib/ruby/gems/1.8/gems/actionpack-2.0.1/lib/action_controller/mime_responds.rb:156:in `respond'
    /usr/local/lib/ruby/gems/1.8/gems/actionpack-2.0.1/lib/action_controller/mime_responds.rb:150:in `each'
    /usr/local/lib/ruby/gems/1.8/gems/actionpack-2.0.1/lib/action_controller/mime_responds.rb:150:in `respond'
    /usr/local/lib/ruby/gems/1.8/gems/actionpack-2.0.1/lib/action_controller/mime_responds.rb:107:in `respond_to'
    app/controllers/signups_controller.rb:29:in `new'
    /usr/local/lib/ruby/gems/1.8/gems/actionpack-2.0.1/lib/action_controller/base.rb:1168:in `send'
    /usr/local/lib/ruby/gems/1.8/gems/actionpack-2.0.1/lib/action_controller/base.rb:1168:in `perform_action_without_filters'
    /usr/local/lib/ruby/gems/1.8/gems/actionpack-2.0.1/lib/action_controller/filters.rb:697:in `call_filters'
    /usr/local/lib/ruby/gems/1.8/gems/actionpack-2.0.1/lib/action_controller/filters.rb:689:in `perform_action_without_benchmark'
    /usr/local/lib/ruby/gems/1.8/gems/actionpack-2.0.1/lib/action_controller/benchmarking.rb:68:in `perform_action_without_rescue'
    /usr/local/lib/ruby/1.8/benchmark.rb:293:in `measure'
    /usr/local/lib/ruby/gems/1.8/gems/actionpack-2.0.1/lib/action_controller/benchmarking.rb:68:in `perform_action_without_rescue'
    /usr/local/lib/ruby/gems/1.8/gems/actionpack-2.0.1/lib/action_controller/rescue.rb:199:in `perform_action_without_caching'
    /usr/local/lib/ruby/gems/1.8/gems/actionpack-2.0.1/lib/action_controller/caching.rb:678:in `perform_action'
    /usr/local/lib/ruby/gems/1.8/gems/activerecord-2.0.1/lib/active_record/connection_adapters/abstract/query_cache.rb:33:in `cache'
    /usr/local/lib/ruby/gems/1.8/gems/activerecord-2.0.1/lib/active_record/query_cache.rb:8:in `cache'
    /usr/local/lib/ruby/gems/1.8/gems/actionpack-2.0.1/lib/action_controller/caching.rb:677:in `perform_action'
    /usr/local/lib/ruby/gems/1.8/gems/actionpack-2.0.1/lib/action_controller/base.rb:524:in `send'
    /usr/local/lib/ruby/gems/1.8/gems/actionpack-2.0.1/lib/action_controller/base.rb:524:in `process_without_filters'
    /usr/local/lib/ruby/gems/1.8/gems/actionpack-2.0.1/lib/action_controller/filters.rb:685:in `process_without_session_management_support'
    /usr/local/lib/ruby/gems/1.8/gems/actionpack-2.0.1/lib/action_controller/session_management.rb:123:in `process'
    /usr/local/lib/ruby/gems/1.8/gems/actionpack-2.0.1/lib/action_controller/base.rb:388:in `process'
    /usr/local/lib/ruby/gems/1.8/gems/actionpack-2.0.1/lib/action_controller/dispatcher.rb:171:in `handle_request'
    /usr/local/lib/ruby/gems/1.8/gems/actionpack-2.0.1/lib/action_controller/dispatcher.rb:115:in `dispatch'
    /usr/local/lib/ruby/gems/1.8/gems/actionpack-2.0.1/lib/action_controller/dispatcher.rb:126:in `dispatch_cgi'
    /usr/local/lib/ruby/gems/1.8/gems/actionpack-2.0.1/lib/action_controller/dispatcher.rb:9:in `dispatch'
    /usr/local/lib/ruby/gems/1.8/gems/mongrel-1.1.1/lib/mongrel/rails.rb:76:in `process'
    /usr/local/lib/ruby/gems/1.8/gems/mongrel-1.1.1/lib/mongrel/rails.rb:74:in `synchronize'
    /usr/local/lib/ruby/gems/1.8/gems/mongrel-1.1.1/lib/mongrel/rails.rb:74:in `process'
    /usr/local/lib/ruby/gems/1.8/gems/mongrel-1.1.1/lib/mongrel.rb:155:in `process_client'
    /usr/local/lib/ruby/gems/1.8/gems/mongrel-1.1.1/lib/mongrel.rb:154:in `each'
    /usr/local/lib/ruby/gems/1.8/gems/mongrel-1.1.1/lib/mongrel.rb:154:in `process_client'
    /usr/local/lib/ruby/gems/1.8/gems/mongrel-1.1.1/lib/mongrel.rb:281:in `run'
    /usr/local/lib/ruby/gems/1.8/gems/mongrel-1.1.1/lib/mongrel.rb:281:in `initialize'
    /usr/local/lib/ruby/gems/1.8/gems/mongrel-1.1.1/lib/mongrel.rb:281:in `new'
    /usr/local/lib/ruby/gems/1.8/gems/mongrel-1.1.1/lib/mongrel.rb:281:in `run'
    /usr/local/lib/ruby/gems/1.8/gems/mongrel-1.1.1/lib/mongrel.rb:264:in `initialize'
    /usr/local/lib/ruby/gems/1.8/gems/mongrel-1.1.1/lib/mongrel.rb:264:in `new'
    /usr/local/lib/ruby/gems/1.8/gems/mongrel-1.1.1/lib/mongrel.rb:264:in `run'
    /usr/local/lib/ruby/gems/1.8/gems/mongrel-1.1.1/lib/mongrel/configurator.rb:282:in `run'
    /usr/local/lib/ruby/gems/1.8/gems/mongrel-1.1.1/lib/mongrel/configurator.rb:281:in `each'
    /usr/local/lib/ruby/gems/1.8/gems/mongrel-1.1.1/lib/mongrel/configurator.rb:281:in `run'
    /usr/local/lib/ruby/gems/1.8/gems/mongrel-1.1.1/bin/mongrel_rails:128:in `run'
    /usr/local/lib/ruby/gems/1.8/gems/mongrel-1.1.1/lib/mongrel/command.rb:212:in `run'
    /usr/local/lib/ruby/gems/1.8/gems/mongrel-1.1.1/bin/mongrel_rails:281
    /usr/local/bin/mongrel_rails:16:in `load'
    /usr/local/bin/mongrel_rails:16

Rendering /usr/local/lib/ruby/gems/1.8/gems/actionpack-2.0.1/lib/action_controller/templates/rescues/layout.erb (internal_server_error)


Processing SignupsController#new (for 127.0.0.1 at 2007-12-19 21:16:10) [GET]
  Session ID: BAh7BzoMY3NyZl9pZCIlNDYyYmFkNDBjNzc1YmYwMzhmNzZhYmZhYzE2NTIx%0AZmMiCmZsYXNoSUM6J0FjdGlvbkNvbnRyb2xsZXI6OkZsYXNoOjpGbGFzaEhh%0Ac2h7AAY6CkB1c2VkewA%3D--d7cb5dfd2371099b55720aaf7be456101d72bf01
  Parameters: {"action"=>"new", "controller"=>"signups"}
  [4;36;1mSignup Columns (0.001872)[0m   [0;1mSHOW FIELDS FROM `signups`[0m
Rendering template within layouts/signups
Rendering signups/new


ActionView::TemplateError (undefined method `input' for #<ActionView::Helpers::FormBuilder:0x271a03c>) on line #7 of signups/new.html.erb:
4: 
5: <% form_for(@signup) do |f| %>
6:   <p><label for="">First Name</label><br />
7: 	<%= f.input :firstname %></p>
8:   <p>
9:     <%= f.submit "Create" %>
10:   </p>

    app/views/signups/new.html.erb:7:in `_run_erb_47app47views47signups47new46html46erb'
    /usr/local/lib/ruby/gems/1.8/gems/actionpack-2.0.1/lib/action_view/helpers/form_helper.rb:248:in `fields_for'
    /usr/local/lib/ruby/gems/1.8/gems/actionpack-2.0.1/lib/action_view/helpers/form_helper.rb:184:in `form_for'
    app/views/signups/new.html.erb:5:in `_run_erb_47app47views47signups47new46html46erb'
    /usr/local/lib/ruby/gems/1.8/gems/actionpack-2.0.1/lib/action_view/base.rb:390:in `send'
    /usr/local/lib/ruby/gems/1.8/gems/actionpack-2.0.1/lib/action_view/base.rb:390:in `compile_and_render_template'
    /usr/local/lib/ruby/gems/1.8/gems/actionpack-2.0.1/lib/action_view/base.rb:366:in `render_template'
    /usr/local/lib/ruby/gems/1.8/gems/actionpack-2.0.1/lib/action_view/base.rb:316:in `render_file'
    /usr/local/lib/ruby/gems/1.8/gems/actionpack-2.0.1/lib/action_controller/base.rb:1110:in `render_for_file'
    /usr/local/lib/ruby/gems/1.8/gems/actionpack-2.0.1/lib/action_controller/base.rb:858:in `render_with_no_layout'
    /usr/local/lib/ruby/gems/1.8/gems/actionpack-2.0.1/lib/action_controller/base.rb:872:in `render_with_no_layout'
    /usr/local/lib/ruby/gems/1.8/gems/actionpack-2.0.1/lib/action_controller/layout.rb:261:in `render_without_benchmark'
    /usr/local/lib/ruby/gems/1.8/gems/actionpack-2.0.1/lib/action_controller/benchmarking.rb:51:in `render'
    /usr/local/lib/ruby/1.8/benchmark.rb:293:in `measure'
    /usr/local/lib/ruby/gems/1.8/gems/actionpack-2.0.1/lib/action_controller/benchmarking.rb:51:in `render'
    /usr/local/lib/ruby/gems/1.8/gems/actionpack-2.0.1/lib/action_controller/mime_responds.rb:131:in `send'
    /usr/local/lib/ruby/gems/1.8/gems/actionpack-2.0.1/lib/action_controller/mime_responds.rb:131:in `custom'
    /usr/local/lib/ruby/gems/1.8/gems/actionpack-2.0.1/lib/action_controller/mime_responds.rb:156:in `call'
    /usr/local/lib/ruby/gems/1.8/gems/actionpack-2.0.1/lib/action_controller/mime_responds.rb:156:in `respond'
    /usr/local/lib/ruby/gems/1.8/gems/actionpack-2.0.1/lib/action_controller/mime_responds.rb:150:in `each'
    /usr/local/lib/ruby/gems/1.8/gems/actionpack-2.0.1/lib/action_controller/mime_responds.rb:150:in `respond'
    /usr/local/lib/ruby/gems/1.8/gems/actionpack-2.0.1/lib/action_controller/mime_responds.rb:107:in `respond_to'
    app/controllers/signups_controller.rb:29:in `new'
    /usr/local/lib/ruby/gems/1.8/gems/actionpack-2.0.1/lib/action_controller/base.rb:1168:in `send'
    /usr/local/lib/ruby/gems/1.8/gems/actionpack-2.0.1/lib/action_controller/base.rb:1168:in `perform_action_without_filters'
    /usr/local/lib/ruby/gems/1.8/gems/actionpack-2.0.1/lib/action_controller/filters.rb:697:in `call_filters'
    /usr/local/lib/ruby/gems/1.8/gems/actionpack-2.0.1/lib/action_controller/filters.rb:689:in `perform_action_without_benchmark'
    /usr/local/lib/ruby/gems/1.8/gems/actionpack-2.0.1/lib/action_controller/benchmarking.rb:68:in `perform_action_without_rescue'
    /usr/local/lib/ruby/1.8/benchmark.rb:293:in `measure'
    /usr/local/lib/ruby/gems/1.8/gems/actionpack-2.0.1/lib/action_controller/benchmarking.rb:68:in `perform_action_without_rescue'
    /usr/local/lib/ruby/gems/1.8/gems/actionpack-2.0.1/lib/action_controller/rescue.rb:199:in `perform_action_without_caching'
    /usr/local/lib/ruby/gems/1.8/gems/actionpack-2.0.1/lib/action_controller/caching.rb:678:in `perform_action'
    /usr/local/lib/ruby/gems/1.8/gems/activerecord-2.0.1/lib/active_record/connection_adapters/abstract/query_cache.rb:33:in `cache'
    /usr/local/lib/ruby/gems/1.8/gems/activerecord-2.0.1/lib/active_record/query_cache.rb:8:in `cache'
    /usr/local/lib/ruby/gems/1.8/gems/actionpack-2.0.1/lib/action_controller/caching.rb:677:in `perform_action'
    /usr/local/lib/ruby/gems/1.8/gems/actionpack-2.0.1/lib/action_controller/base.rb:524:in `send'
    /usr/local/lib/ruby/gems/1.8/gems/actionpack-2.0.1/lib/action_controller/base.rb:524:in `process_without_filters'
    /usr/local/lib/ruby/gems/1.8/gems/actionpack-2.0.1/lib/action_controller/filters.rb:685:in `process_without_session_management_support'
    /usr/local/lib/ruby/gems/1.8/gems/actionpack-2.0.1/lib/action_controller/session_management.rb:123:in `process'
    /usr/local/lib/ruby/gems/1.8/gems/actionpack-2.0.1/lib/action_controller/base.rb:388:in `process'
    /usr/local/lib/ruby/gems/1.8/gems/actionpack-2.0.1/lib/action_controller/dispatcher.rb:171:in `handle_request'
    /usr/local/lib/ruby/gems/1.8/gems/actionpack-2.0.1/lib/action_controller/dispatcher.rb:115:in `dispatch'
    /usr/local/lib/ruby/gems/1.8/gems/actionpack-2.0.1/lib/action_controller/dispatcher.rb:126:in `dispatch_cgi'
    /usr/local/lib/ruby/gems/1.8/gems/actionpack-2.0.1/lib/action_controller/dispatcher.rb:9:in `dispatch'
    /usr/local/lib/ruby/gems/1.8/gems/mongrel-1.1.1/lib/mongrel/rails.rb:76:in `process'
    /usr/local/lib/ruby/gems/1.8/gems/mongrel-1.1.1/lib/mongrel/rails.rb:74:in `synchronize'
    /usr/local/lib/ruby/gems/1.8/gems/mongrel-1.1.1/lib/mongrel/rails.rb:74:in `process'
    /usr/local/lib/ruby/gems/1.8/gems/mongrel-1.1.1/lib/mongrel.rb:155:in `process_client'
    /usr/local/lib/ruby/gems/1.8/gems/mongrel-1.1.1/lib/mongrel.rb:154:in `each'
    /usr/local/lib/ruby/gems/1.8/gems/mongrel-1.1.1/lib/mongrel.rb:154:in `process_client'
    /usr/local/lib/ruby/gems/1.8/gems/mongrel-1.1.1/lib/mongrel.rb:281:in `run'
    /usr/local/lib/ruby/gems/1.8/gems/mongrel-1.1.1/lib/mongrel.rb:281:in `initialize'
    /usr/local/lib/ruby/gems/1.8/gems/mongrel-1.1.1/lib/mongrel.rb:281:in `new'
    /usr/local/lib/ruby/gems/1.8/gems/mongrel-1.1.1/lib/mongrel.rb:281:in `run'
    /usr/local/lib/ruby/gems/1.8/gems/mongrel-1.1.1/lib/mongrel.rb:264:in `initialize'
    /usr/local/lib/ruby/gems/1.8/gems/mongrel-1.1.1/lib/mongrel.rb:264:in `new'
    /usr/local/lib/ruby/gems/1.8/gems/mongrel-1.1.1/lib/mongrel.rb:264:in `run'
    /usr/local/lib/ruby/gems/1.8/gems/mongrel-1.1.1/lib/mongrel/configurator.rb:282:in `run'
    /usr/local/lib/ruby/gems/1.8/gems/mongrel-1.1.1/lib/mongrel/configurator.rb:281:in `each'
    /usr/local/lib/ruby/gems/1.8/gems/mongrel-1.1.1/lib/mongrel/configurator.rb:281:in `run'
    /usr/local/lib/ruby/gems/1.8/gems/mongrel-1.1.1/bin/mongrel_rails:128:in `run'
    /usr/local/lib/ruby/gems/1.8/gems/mongrel-1.1.1/lib/mongrel/command.rb:212:in `run'
    /usr/local/lib/ruby/gems/1.8/gems/mongrel-1.1.1/bin/mongrel_rails:281
    /usr/local/bin/mongrel_rails:16:in `load'
    /usr/local/bin/mongrel_rails:16

Rendering /usr/local/lib/ruby/gems/1.8/gems/actionpack-2.0.1/lib/action_controller/templates/rescues/layout.erb (internal_server_error)


Processing SignupsController#new (for 127.0.0.1 at 2007-12-19 21:16:39) [GET]
  Session ID: BAh7BzoMY3NyZl9pZCIlNDYyYmFkNDBjNzc1YmYwMzhmNzZhYmZhYzE2NTIx%0AZmMiCmZsYXNoSUM6J0FjdGlvbkNvbnRyb2xsZXI6OkZsYXNoOjpGbGFzaEhh%0Ac2h7AAY6CkB1c2VkewA%3D--d7cb5dfd2371099b55720aaf7be456101d72bf01
  Parameters: {"action"=>"new", "controller"=>"signups"}
  [4;35;1mSignup Columns (0.001792)[0m   [0mSHOW FIELDS FROM `signups`[0m
Rendering template within layouts/signups
Rendering signups/new


ActionView::TemplateError (undefined method `field' for #<ActionView::Helpers::FormBuilder:0x2773f74>) on line #7 of signups/new.html.erb:
4: 
5: <% form_for(@signup) do |f| %>
6:   <p><label for="">First Name</label><br />
7: 	<%= f.field :firstname %></p>
8:   <p>
9:     <%= f.submit "Create" %>
10:   </p>

    app/views/signups/new.html.erb:7:in `_run_erb_47app47views47signups47new46html46erb'
    /usr/local/lib/ruby/gems/1.8/gems/actionpack-2.0.1/lib/action_view/helpers/form_helper.rb:248:in `fields_for'
    /usr/local/lib/ruby/gems/1.8/gems/actionpack-2.0.1/lib/action_view/helpers/form_helper.rb:184:in `form_for'
    app/views/signups/new.html.erb:5:in `_run_erb_47app47views47signups47new46html46erb'
    /usr/local/lib/ruby/gems/1.8/gems/actionpack-2.0.1/lib/action_view/base.rb:390:in `send'
    /usr/local/lib/ruby/gems/1.8/gems/actionpack-2.0.1/lib/action_view/base.rb:390:in `compile_and_render_template'
    /usr/local/lib/ruby/gems/1.8/gems/actionpack-2.0.1/lib/action_view/base.rb:366:in `render_template'
    /usr/local/lib/ruby/gems/1.8/gems/actionpack-2.0.1/lib/action_view/base.rb:316:in `render_file'
    /usr/local/lib/ruby/gems/1.8/gems/actionpack-2.0.1/lib/action_controller/base.rb:1110:in `render_for_file'
    /usr/local/lib/ruby/gems/1.8/gems/actionpack-2.0.1/lib/action_controller/base.rb:858:in `render_with_no_layout'
    /usr/local/lib/ruby/gems/1.8/gems/actionpack-2.0.1/lib/action_controller/base.rb:872:in `render_with_no_layout'
    /usr/local/lib/ruby/gems/1.8/gems/actionpack-2.0.1/lib/action_controller/layout.rb:261:in `render_without_benchmark'
    /usr/local/lib/ruby/gems/1.8/gems/actionpack-2.0.1/lib/action_controller/benchmarking.rb:51:in `render'
    /usr/local/lib/ruby/1.8/benchmark.rb:293:in `measure'
    /usr/local/lib/ruby/gems/1.8/gems/actionpack-2.0.1/lib/action_controller/benchmarking.rb:51:in `render'
    /usr/local/lib/ruby/gems/1.8/gems/actionpack-2.0.1/lib/action_controller/mime_responds.rb:131:in `send'
    /usr/local/lib/ruby/gems/1.8/gems/actionpack-2.0.1/lib/action_controller/mime_responds.rb:131:in `custom'
    /usr/local/lib/ruby/gems/1.8/gems/actionpack-2.0.1/lib/action_controller/mime_responds.rb:156:in `call'
    /usr/local/lib/ruby/gems/1.8/gems/actionpack-2.0.1/lib/action_controller/mime_responds.rb:156:in `respond'
    /usr/local/lib/ruby/gems/1.8/gems/actionpack-2.0.1/lib/action_controller/mime_responds.rb:150:in `each'
    /usr/local/lib/ruby/gems/1.8/gems/actionpack-2.0.1/lib/action_controller/mime_responds.rb:150:in `respond'
    /usr/local/lib/ruby/gems/1.8/gems/actionpack-2.0.1/lib/action_controller/mime_responds.rb:107:in `respond_to'
    app/controllers/signups_controller.rb:29:in `new'
    /usr/local/lib/ruby/gems/1.8/gems/actionpack-2.0.1/lib/action_controller/base.rb:1168:in `send'
    /usr/local/lib/ruby/gems/1.8/gems/actionpack-2.0.1/lib/action_controller/base.rb:1168:in `perform_action_without_filters'
    /usr/local/lib/ruby/gems/1.8/gems/actionpack-2.0.1/lib/action_controller/filters.rb:697:in `call_filters'
    /usr/local/lib/ruby/gems/1.8/gems/actionpack-2.0.1/lib/action_controller/filters.rb:689:in `perform_action_without_benchmark'
    /usr/local/lib/ruby/gems/1.8/gems/actionpack-2.0.1/lib/action_controller/benchmarking.rb:68:in `perform_action_without_rescue'
    /usr/local/lib/ruby/1.8/benchmark.rb:293:in `measure'
    /usr/local/lib/ruby/gems/1.8/gems/actionpack-2.0.1/lib/action_controller/benchmarking.rb:68:in `perform_action_without_rescue'
    /usr/local/lib/ruby/gems/1.8/gems/actionpack-2.0.1/lib/action_controller/rescue.rb:199:in `perform_action_without_caching'
    /usr/local/lib/ruby/gems/1.8/gems/actionpack-2.0.1/lib/action_controller/caching.rb:678:in `perform_action'
    /usr/local/lib/ruby/gems/1.8/gems/activerecord-2.0.1/lib/active_record/connection_adapters/abstract/query_cache.rb:33:in `cache'
    /usr/local/lib/ruby/gems/1.8/gems/activerecord-2.0.1/lib/active_record/query_cache.rb:8:in `cache'
    /usr/local/lib/ruby/gems/1.8/gems/actionpack-2.0.1/lib/action_controller/caching.rb:677:in `perform_action'
    /usr/local/lib/ruby/gems/1.8/gems/actionpack-2.0.1/lib/action_controller/base.rb:524:in `send'
    /usr/local/lib/ruby/gems/1.8/gems/actionpack-2.0.1/lib/action_controller/base.rb:524:in `process_without_filters'
    /usr/local/lib/ruby/gems/1.8/gems/actionpack-2.0.1/lib/action_controller/filters.rb:685:in `process_without_session_management_support'
    /usr/local/lib/ruby/gems/1.8/gems/actionpack-2.0.1/lib/action_controller/session_management.rb:123:in `process'
    /usr/local/lib/ruby/gems/1.8/gems/actionpack-2.0.1/lib/action_controller/base.rb:388:in `process'
    /usr/local/lib/ruby/gems/1.8/gems/actionpack-2.0.1/lib/action_controller/dispatcher.rb:171:in `handle_request'
    /usr/local/lib/ruby/gems/1.8/gems/actionpack-2.0.1/lib/action_controller/dispatcher.rb:115:in `dispatch'
    /usr/local/lib/ruby/gems/1.8/gems/actionpack-2.0.1/lib/action_controller/dispatcher.rb:126:in `dispatch_cgi'
    /usr/local/lib/ruby/gems/1.8/gems/actionpack-2.0.1/lib/action_controller/dispatcher.rb:9:in `dispatch'
    /usr/local/lib/ruby/gems/1.8/gems/mongrel-1.1.1/lib/mongrel/rails.rb:76:in `process'
    /usr/local/lib/ruby/gems/1.8/gems/mongrel-1.1.1/lib/mongrel/rails.rb:74:in `synchronize'
    /usr/local/lib/ruby/gems/1.8/gems/mongrel-1.1.1/lib/mongrel/rails.rb:74:in `process'
    /usr/local/lib/ruby/gems/1.8/gems/mongrel-1.1.1/lib/mongrel.rb:155:in `process_client'
    /usr/local/lib/ruby/gems/1.8/gems/mongrel-1.1.1/lib/mongrel.rb:154:in `each'
    /usr/local/lib/ruby/gems/1.8/gems/mongrel-1.1.1/lib/mongrel.rb:154:in `process_client'
    /usr/local/lib/ruby/gems/1.8/gems/mongrel-1.1.1/lib/mongrel.rb:281:in `run'
    /usr/local/lib/ruby/gems/1.8/gems/mongrel-1.1.1/lib/mongrel.rb:281:in `initialize'
    /usr/local/lib/ruby/gems/1.8/gems/mongrel-1.1.1/lib/mongrel.rb:281:in `new'
    /usr/local/lib/ruby/gems/1.8/gems/mongrel-1.1.1/lib/mongrel.rb:281:in `run'
    /usr/local/lib/ruby/gems/1.8/gems/mongrel-1.1.1/lib/mongrel.rb:264:in `initialize'
    /usr/local/lib/ruby/gems/1.8/gems/mongrel-1.1.1/lib/mongrel.rb:264:in `new'
    /usr/local/lib/ruby/gems/1.8/gems/mongrel-1.1.1/lib/mongrel.rb:264:in `run'
    /usr/local/lib/ruby/gems/1.8/gems/mongrel-1.1.1/lib/mongrel/configurator.rb:282:in `run'
    /usr/local/lib/ruby/gems/1.8/gems/mongrel-1.1.1/lib/mongrel/configurator.rb:281:in `each'
    /usr/local/lib/ruby/gems/1.8/gems/mongrel-1.1.1/lib/mongrel/configurator.rb:281:in `run'
    /usr/local/lib/ruby/gems/1.8/gems/mongrel-1.1.1/bin/mongrel_rails:128:in `run'
    /usr/local/lib/ruby/gems/1.8/gems/mongrel-1.1.1/lib/mongrel/command.rb:212:in `run'
    /usr/local/lib/ruby/gems/1.8/gems/mongrel-1.1.1/bin/mongrel_rails:281
    /usr/local/bin/mongrel_rails:16:in `load'
    /usr/local/bin/mongrel_rails:16

Rendering /usr/local/lib/ruby/gems/1.8/gems/actionpack-2.0.1/lib/action_controller/templates/rescues/layout.erb (internal_server_error)


Processing SignupsController#new (for 127.0.0.1 at 2007-12-19 21:17:45) [GET]
  Session ID: BAh7BzoMY3NyZl9pZCIlNDYyYmFkNDBjNzc1YmYwMzhmNzZhYmZhYzE2NTIx%0AZmMiCmZsYXNoSUM6J0FjdGlvbkNvbnRyb2xsZXI6OkZsYXNoOjpGbGFzaEhh%0Ac2h7AAY6CkB1c2VkewA%3D--d7cb5dfd2371099b55720aaf7be456101d72bf01
  Parameters: {"action"=>"new", "controller"=>"signups"}
  [4;36;1mSignup Columns (0.002409)[0m   [0;1mSHOW FIELDS FROM `signups`[0m
Rendering template within layouts/signups
Rendering signups/new
Completed in 0.01099 (90 reqs/sec) | Rendering: 0.00384 (34%) | DB: 0.00241 (21%) | 200 OK [http://localhost/]


Processing SignupsController#new (for 127.0.0.1 at 2007-12-19 21:19:21) [GET]
  Session ID: BAh7BzoMY3NyZl9pZCIlNDYyYmFkNDBjNzc1YmYwMzhmNzZhYmZhYzE2NTIx%0AZmMiCmZsYXNoSUM6J0FjdGlvbkNvbnRyb2xsZXI6OkZsYXNoOjpGbGFzaEhh%0Ac2h7AAY6CkB1c2VkewA%3D--d7cb5dfd2371099b55720aaf7be456101d72bf01
  Parameters: {"action"=>"new", "controller"=>"signups"}
  [4;35;1mSignup Columns (0.001837)[0m   [0mSHOW FIELDS FROM `signups`[0m
Rendering template within layouts/signups
Rendering signups/new
Completed in 0.01077 (92 reqs/sec) | Rendering: 0.00359 (33%) | DB: 0.00184 (17%) | 200 OK [http://localhost/]


Processing SignupsController#new (for 127.0.0.1 at 2007-12-19 21:20:08) [GET]
  Session ID: BAh7BzoMY3NyZl9pZCIlNDYyYmFkNDBjNzc1YmYwMzhmNzZhYmZhYzE2NTIx%0AZmMiCmZsYXNoSUM6J0FjdGlvbkNvbnRyb2xsZXI6OkZsYXNoOjpGbGFzaEhh%0Ac2h7AAY6CkB1c2VkewA%3D--d7cb5dfd2371099b55720aaf7be456101d72bf01
  Parameters: {"action"=>"new", "controller"=>"signups"}
  [4;36;1mSignup Columns (0.002020)[0m   [0;1mSHOW FIELDS FROM `signups`[0m
Rendering template within layouts/signups
Rendering signups/new
Completed in 0.01017 (98 reqs/sec) | Rendering: 0.00343 (33%) | DB: 0.00202 (19%) | 200 OK [http://localhost/]


Processing SignupsController#new (for 127.0.0.1 at 2007-12-19 21:20:42) [GET]
  Session ID: BAh7BzoMY3NyZl9pZCIlNDYyYmFkNDBjNzc1YmYwMzhmNzZhYmZhYzE2NTIx%0AZmMiCmZsYXNoSUM6J0FjdGlvbkNvbnRyb2xsZXI6OkZsYXNoOjpGbGFzaEhh%0Ac2h7AAY6CkB1c2VkewA%3D--d7cb5dfd2371099b55720aaf7be456101d72bf01
  Parameters: {"action"=>"new", "controller"=>"signups"}
  [4;35;1mSignup Columns (0.001841)[0m   [0mSHOW FIELDS FROM `signups`[0m
Rendering template within layouts/signups
Rendering signups/new
Completed in 0.01038 (96 reqs/sec) | Rendering: 0.00357 (34%) | DB: 0.00184 (17%) | 200 OK [http://localhost/]


Processing SignupsController#new (for 127.0.0.1 at 2007-12-19 21:21:19) [GET]
  Session ID: BAh7BzoMY3NyZl9pZCIlNDYyYmFkNDBjNzc1YmYwMzhmNzZhYmZhYzE2NTIx%0AZmMiCmZsYXNoSUM6J0FjdGlvbkNvbnRyb2xsZXI6OkZsYXNoOjpGbGFzaEhh%0Ac2h7AAY6CkB1c2VkewA%3D--d7cb5dfd2371099b55720aaf7be456101d72bf01
  Parameters: {"action"=>"new", "controller"=>"signups"}
  [4;36;1mSignup Columns (0.001864)[0m   [0;1mSHOW FIELDS FROM `signups`[0m
Rendering template within layouts/signups
Rendering signups/new
Completed in 0.01029 (97 reqs/sec) | Rendering: 0.00363 (35%) | DB: 0.00186 (18%) | 200 OK [http://localhost/]


Processing SignupsController#new (for 127.0.0.1 at 2007-12-19 21:21:32) [GET]
  Session ID: BAh7BzoMY3NyZl9pZCIlNDYyYmFkNDBjNzc1YmYwMzhmNzZhYmZhYzE2NTIx%0AZmMiCmZsYXNoSUM6J0FjdGlvbkNvbnRyb2xsZXI6OkZsYXNoOjpGbGFzaEhh%0Ac2h7AAY6CkB1c2VkewA%3D--d7cb5dfd2371099b55720aaf7be456101d72bf01
  Parameters: {"action"=>"new", "controller"=>"signups"}
  [4;35;1mSignup Columns (0.001869)[0m   [0mSHOW FIELDS FROM `signups`[0m
Rendering template within layouts/signups
Rendering signups/new
Completed in 0.00918 (108 reqs/sec) | Rendering: 0.00259 (28%) | DB: 0.00187 (20%) | 200 OK [http://localhost/]


Processing SignupsController#new (for 127.0.0.1 at 2007-12-19 21:21:37) [GET]
  Session ID: BAh7BzoMY3NyZl9pZCIlNDYyYmFkNDBjNzc1YmYwMzhmNzZhYmZhYzE2NTIx%0AZmMiCmZsYXNoSUM6J0FjdGlvbkNvbnRyb2xsZXI6OkZsYXNoOjpGbGFzaEhh%0Ac2h7AAY6CkB1c2VkewA%3D--d7cb5dfd2371099b55720aaf7be456101d72bf01
  Parameters: {"action"=>"new", "controller"=>"signups"}
  [4;36;1mSignup Columns (0.001799)[0m   [0;1mSHOW FIELDS FROM `signups`[0m
Rendering template within layouts/signups
Rendering signups/new
Completed in 0.00969 (103 reqs/sec) | Rendering: 0.00273 (28%) | DB: 0.00180 (18%) | 200 OK [http://localhost/]


Processing SignupsController#new (for 127.0.0.1 at 2007-12-19 21:22:56) [GET]
  Session ID: BAh7BzoMY3NyZl9pZCIlNDYyYmFkNDBjNzc1YmYwMzhmNzZhYmZhYzE2NTIx%0AZmMiCmZsYXNoSUM6J0FjdGlvbkNvbnRyb2xsZXI6OkZsYXNoOjpGbGFzaEhh%0Ac2h7AAY6CkB1c2VkewA%3D--d7cb5dfd2371099b55720aaf7be456101d72bf01
  Parameters: {"action"=>"new", "controller"=>"signups"}
  [4;35;1mSignup Columns (0.002576)[0m   [0mSHOW FIELDS FROM `signups`[0m
Rendering template within layouts/signups
Rendering signups/new
Completed in 0.01292 (77 reqs/sec) | Rendering: 0.00450 (34%) | DB: 0.00258 (19%) | 200 OK [http://localhost/]


Processing SignupsController#new (for 127.0.0.1 at 2007-12-19 21:23:03) [GET]
  Session ID: BAh7BzoMY3NyZl9pZCIlNDYyYmFkNDBjNzc1YmYwMzhmNzZhYmZhYzE2NTIx%0AZmMiCmZsYXNoSUM6J0FjdGlvbkNvbnRyb2xsZXI6OkZsYXNoOjpGbGFzaEhh%0Ac2h7AAY6CkB1c2VkewA%3D--d7cb5dfd2371099b55720aaf7be456101d72bf01
  Parameters: {"action"=>"new", "controller"=>"signups"}
  [4;36;1mSignup Columns (0.001794)[0m   [0;1mSHOW FIELDS FROM `signups`[0m
Rendering template within layouts/signups
Rendering signups/new
Completed in 0.00954 (104 reqs/sec) | Rendering: 0.00264 (27%) | DB: 0.00179 (18%) | 200 OK [http://localhost/]


Processing SignupsController#new (for 127.0.0.1 at 2007-12-19 21:26:11) [GET]
  Session ID: BAh7BzoMY3NyZl9pZCIlNDYyYmFkNDBjNzc1YmYwMzhmNzZhYmZhYzE2NTIx%0AZmMiCmZsYXNoSUM6J0FjdGlvbkNvbnRyb2xsZXI6OkZsYXNoOjpGbGFzaEhh%0Ac2h7AAY6CkB1c2VkewA%3D--d7cb5dfd2371099b55720aaf7be456101d72bf01
  Parameters: {"action"=>"new", "controller"=>"signups"}
  [4;35;1mSignup Columns (0.002100)[0m   [0mSHOW FIELDS FROM `signups`[0m
Rendering template within layouts/signups
Rendering signups/new
Completed in 0.01073 (93 reqs/sec) | Rendering: 0.00369 (34%) | DB: 0.00210 (19%) | 200 OK [http://localhost/]


Processing SignupsController#new (for 127.0.0.1 at 2007-12-19 21:26:27) [GET]
  Session ID: BAh7BzoMY3NyZl9pZCIlNDYyYmFkNDBjNzc1YmYwMzhmNzZhYmZhYzE2NTIx%0AZmMiCmZsYXNoSUM6J0FjdGlvbkNvbnRyb2xsZXI6OkZsYXNoOjpGbGFzaEhh%0Ac2h7AAY6CkB1c2VkewA%3D--d7cb5dfd2371099b55720aaf7be456101d72bf01
  Parameters: {"action"=>"new", "controller"=>"signups"}
  [4;36;1mSignup Columns (0.002603)[0m   [0;1mSHOW FIELDS FROM `signups`[0m
Rendering template within layouts/signups
Rendering signups/new
ERROR: compiling _run_erb_47app47views47layouts47signups46html46erb RAISED compile error
/Users/jathayde/Sites/work/hbasignup/app/views/layouts/signups.html.erb:14: syntax error, unexpected ',', expecting ')'
_erbout.concat "\t"; _erbout.concat(( image_tag("hbalogo.png", :alt => "Honor by August"), :style => "align: center;" ).to_s); _erbout.concat "<br />\n"
                                                                                          ^
Function body: def _run_erb_47app47views47layouts47signups46html46erb(local_assigns)
_erbout = ''; _erbout.concat "<!DOCTYPE html PUBLIC \"-//W3C//DTD XHTML 1.0 Transitional//EN\"\n"
_erbout.concat "       \"http://www.w3.org/TR/xhtml1/DTD/xhtml1-transitional.dtd\">\n"
_erbout.concat "\n"
_erbout.concat "<html xmlns=\"http://www.w3.org/1999/xhtml\" xml:lang=\"en\" lang=\"en\">\n"
_erbout.concat "<head>\n"
_erbout.concat "  <meta http-equiv=\"content-type\" content=\"text/html;charset=UTF-8\" />\n"
_erbout.concat "  <title>Signups: "; _erbout.concat(( controller.action_name ).to_s); _erbout.concat "</title>\n"
_erbout.concat "  "; _erbout.concat(( stylesheet_link_tag 'scaffold' ).to_s); _erbout.concat "\n"
_erbout.concat "</head>\n"
_erbout.concat "<body>\n"
_erbout.concat "\n"
_erbout.concat "<p style=\"color: green\">"; _erbout.concat(( flash[:notice] ).to_s); _erbout.concat "</p>\n"
_erbout.concat "<div id=\"nest\">\n"
_erbout.concat "\t"; _erbout.concat(( image_tag("hbalogo.png", :alt => "Honor by August"), :style => "align: center;" ).to_s); _erbout.concat "<br />\n"
_erbout.concat(( yield  ).to_s); _erbout.concat "\n"
_erbout.concat "</div>\n"
_erbout.concat "</body>\n"
_erbout.concat "</html>\n"
_erbout
end
Backtrace: /Users/jathayde/Sites/work/hbasignup/app/views/layouts/signups.html.erb:20:in `compile_template'
/usr/local/lib/ruby/gems/1.8/gems/actionpack-2.0.1/lib/action_view/base.rb:383:in `compile_and_render_template'
/usr/local/lib/ruby/gems/1.8/gems/actionpack-2.0.1/lib/action_view/base.rb:366:in `render_template'
/usr/local/lib/ruby/gems/1.8/gems/actionpack-2.0.1/lib/action_view/base.rb:316:in `render_file'
/usr/local/lib/ruby/gems/1.8/gems/actionpack-2.0.1/lib/action_controller/layout.rb:267:in `render_without_benchmark'
/usr/local/lib/ruby/gems/1.8/gems/actionpack-2.0.1/lib/action_controller/benchmarking.rb:51:in `render'
/usr/local/lib/ruby/1.8/benchmark.rb:293:in `measure'
/usr/local/lib/ruby/gems/1.8/gems/actionpack-2.0.1/lib/action_controller/benchmarking.rb:51:in `render'
/usr/local/lib/ruby/gems/1.8/gems/actionpack-2.0.1/lib/action_controller/mime_responds.rb:131:in `send'
/usr/local/lib/ruby/gems/1.8/gems/actionpack-2.0.1/lib/action_controller/mime_responds.rb:131:in `custom'
/usr/local/lib/ruby/gems/1.8/gems/actionpack-2.0.1/lib/action_controller/mime_responds.rb:156:in `call'
/usr/local/lib/ruby/gems/1.8/gems/actionpack-2.0.1/lib/action_controller/mime_responds.rb:156:in `respond'
/usr/local/lib/ruby/gems/1.8/gems/actionpack-2.0.1/lib/action_controller/mime_responds.rb:150:in `each'
/usr/local/lib/ruby/gems/1.8/gems/actionpack-2.0.1/lib/action_controller/mime_responds.rb:150:in `respond'
/usr/local/lib/ruby/gems/1.8/gems/actionpack-2.0.1/lib/action_controller/mime_responds.rb:107:in `respond_to'
/Users/jathayde/Sites/work/hbasignup/app/controllers/signups_controller.rb:29:in `new'
/usr/local/lib/ruby/gems/1.8/gems/actionpack-2.0.1/lib/action_controller/base.rb:1168:in `send'
/usr/local/lib/ruby/gems/1.8/gems/actionpack-2.0.1/lib/action_controller/base.rb:1168:in `perform_action_without_filters'
/usr/local/lib/ruby/gems/1.8/gems/actionpack-2.0.1/lib/action_controller/filters.rb:697:in `call_filters'
/usr/local/lib/ruby/gems/1.8/gems/actionpack-2.0.1/lib/action_controller/filters.rb:689:in `perform_action_without_benchmark'
/usr/local/lib/ruby/gems/1.8/gems/actionpack-2.0.1/lib/action_controller/benchmarking.rb:68:in `perform_action_without_rescue'
/usr/local/lib/ruby/1.8/benchmark.rb:293:in `measure'
/usr/local/lib/ruby/gems/1.8/gems/actionpack-2.0.1/lib/action_controller/benchmarking.rb:68:in `perform_action_without_rescue'
/usr/local/lib/ruby/gems/1.8/gems/actionpack-2.0.1/lib/action_controller/rescue.rb:199:in `perform_action_without_caching'
/usr/local/lib/ruby/gems/1.8/gems/actionpack-2.0.1/lib/action_controller/caching.rb:678:in `perform_action'
/usr/local/lib/ruby/gems/1.8/gems/activerecord-2.0.1/lib/active_record/connection_adapters/abstract/query_cache.rb:33:in `cache'
/usr/local/lib/ruby/gems/1.8/gems/activerecord-2.0.1/lib/active_record/query_cache.rb:8:in `cache'
/usr/local/lib/ruby/gems/1.8/gems/actionpack-2.0.1/lib/action_controller/caching.rb:677:in `perform_action'
/usr/local/lib/ruby/gems/1.8/gems/actionpack-2.0.1/lib/action_controller/base.rb:524:in `send'
/usr/local/lib/ruby/gems/1.8/gems/actionpack-2.0.1/lib/action_controller/base.rb:524:in `process_without_filters'
/usr/local/lib/ruby/gems/1.8/gems/actionpack-2.0.1/lib/action_controller/filters.rb:685:in `process_without_session_management_support'
/usr/local/lib/ruby/gems/1.8/gems/actionpack-2.0.1/lib/action_controller/session_management.rb:123:in `process'
/usr/local/lib/ruby/gems/1.8/gems/actionpack-2.0.1/lib/action_controller/base.rb:388:in `process'
/usr/local/lib/ruby/gems/1.8/gems/actionpack-2.0.1/lib/action_controller/dispatcher.rb:171:in `handle_request'
/usr/local/lib/ruby/gems/1.8/gems/actionpack-2.0.1/lib/action_controller/dispatcher.rb:115:in `dispatch'
/usr/local/lib/ruby/gems/1.8/gems/actionpack-2.0.1/lib/action_controller/dispatcher.rb:126:in `dispatch_cgi'
/usr/local/lib/ruby/gems/1.8/gems/actionpack-2.0.1/lib/action_controller/dispatcher.rb:9:in `dispatch'
/usr/local/lib/ruby/gems/1.8/gems/mongrel-1.1.1/bin/../lib/mongrel/rails.rb:76:in `process'
/usr/local/lib/ruby/gems/1.8/gems/mongrel-1.1.1/bin/../lib/mongrel/rails.rb:74:in `synchronize'
/usr/local/lib/ruby/gems/1.8/gems/mongrel-1.1.1/bin/../lib/mongrel/rails.rb:74:in `process'
/usr/local/lib/ruby/gems/1.8/gems/mongrel-1.1.1/bin/../lib/mongrel.rb:155:in `process_client'
/usr/local/lib/ruby/gems/1.8/gems/mongrel-1.1.1/bin/../lib/mongrel.rb:154:in `each'
/usr/local/lib/ruby/gems/1.8/gems/mongrel-1.1.1/bin/../lib/mongrel.rb:154:in `process_client'
/usr/local/lib/ruby/gems/1.8/gems/mongrel-1.1.1/bin/../lib/mongrel.rb:281:in `run'
/usr/local/lib/ruby/gems/1.8/gems/mongrel-1.1.1/bin/../lib/mongrel.rb:281:in `initialize'
/usr/local/lib/ruby/gems/1.8/gems/mongrel-1.1.1/bin/../lib/mongrel.rb:281:in `new'
/usr/local/lib/ruby/gems/1.8/gems/mongrel-1.1.1/bin/../lib/mongrel.rb:281:in `run'
/usr/local/lib/ruby/gems/1.8/gems/mongrel-1.1.1/bin/../lib/mongrel.rb:264:in `initialize'
/usr/local/lib/ruby/gems/1.8/gems/mongrel-1.1.1/bin/../lib/mongrel.rb:264:in `new'
/usr/local/lib/ruby/gems/1.8/gems/mongrel-1.1.1/bin/../lib/mongrel.rb:264:in `run'
/usr/local/lib/ruby/gems/1.8/gems/mongrel-1.1.1/bin/../lib/mongrel/configurator.rb:282:in `run'
/usr/local/lib/ruby/gems/1.8/gems/mongrel-1.1.1/bin/../lib/mongrel/configurator.rb:281:in `each'
/usr/local/lib/ruby/gems/1.8/gems/mongrel-1.1.1/bin/../lib/mongrel/configurator.rb:281:in `run'
/usr/local/lib/ruby/gems/1.8/gems/mongrel-1.1.1/bin/mongrel_rails:128:in `run'
/usr/local/lib/ruby/gems/1.8/gems/mongrel-1.1.1/bin/../lib/mongrel/command.rb:212:in `run'
/usr/local/lib/ruby/gems/1.8/gems/mongrel-1.1.1/bin/mongrel_rails:281
/usr/local/bin/mongrel_rails:16:in `load'
/usr/local/bin/mongrel_rails:16


ActionView::TemplateError (compile error
/Users/jathayde/Sites/work/hbasignup/app/views/layouts/signups.html.erb:14: syntax error, unexpected ',', expecting ')'
_erbout.concat "\t"; _erbout.concat(( image_tag("hbalogo.png", :alt => "Honor by August"), :style => "align: center;" ).to_s); _erbout.concat "<br />\n"
                                                                                          ^) on line #14 of layouts/signups.html.erb:
11: 
12: <p style="color: green"><%= flash[:notice] %></p>
13: <div id="nest">
14: 	<%= image_tag("hbalogo.png", :alt => "Honor by August"), :style => "align: center;" %><br />
15: <%= yield  %>
16: </div>
17: </body>

    app/views/layouts/signups.html.erb:20:in `compile_template'
    /usr/local/lib/ruby/gems/1.8/gems/actionpack-2.0.1/lib/action_view/base.rb:383:in `compile_and_render_template'
    /usr/local/lib/ruby/gems/1.8/gems/actionpack-2.0.1/lib/action_view/base.rb:366:in `render_template'
    /usr/local/lib/ruby/gems/1.8/gems/actionpack-2.0.1/lib/action_view/base.rb:316:in `render_file'
    /usr/local/lib/ruby/gems/1.8/gems/actionpack-2.0.1/lib/action_controller/layout.rb:267:in `render_without_benchmark'
    /usr/local/lib/ruby/gems/1.8/gems/actionpack-2.0.1/lib/action_controller/benchmarking.rb:51:in `render'
    /usr/local/lib/ruby/1.8/benchmark.rb:293:in `measure'
    /usr/local/lib/ruby/gems/1.8/gems/actionpack-2.0.1/lib/action_controller/benchmarking.rb:51:in `render'
    /usr/local/lib/ruby/gems/1.8/gems/actionpack-2.0.1/lib/action_controller/mime_responds.rb:131:in `send'
    /usr/local/lib/ruby/gems/1.8/gems/actionpack-2.0.1/lib/action_controller/mime_responds.rb:131:in `custom'
    /usr/local/lib/ruby/gems/1.8/gems/actionpack-2.0.1/lib/action_controller/mime_responds.rb:156:in `call'
    /usr/local/lib/ruby/gems/1.8/gems/actionpack-2.0.1/lib/action_controller/mime_responds.rb:156:in `respond'
    /usr/local/lib/ruby/gems/1.8/gems/actionpack-2.0.1/lib/action_controller/mime_responds.rb:150:in `each'
    /usr/local/lib/ruby/gems/1.8/gems/actionpack-2.0.1/lib/action_controller/mime_responds.rb:150:in `respond'
    /usr/local/lib/ruby/gems/1.8/gems/actionpack-2.0.1/lib/action_controller/mime_responds.rb:107:in `respond_to'
    app/controllers/signups_controller.rb:29:in `new'
    /usr/local/lib/ruby/gems/1.8/gems/actionpack-2.0.1/lib/action_controller/base.rb:1168:in `send'
    /usr/local/lib/ruby/gems/1.8/gems/actionpack-2.0.1/lib/action_controller/base.rb:1168:in `perform_action_without_filters'
    /usr/local/lib/ruby/gems/1.8/gems/actionpack-2.0.1/lib/action_controller/filters.rb:697:in `call_filters'
    /usr/local/lib/ruby/gems/1.8/gems/actionpack-2.0.1/lib/action_controller/filters.rb:689:in `perform_action_without_benchmark'
    /usr/local/lib/ruby/gems/1.8/gems/actionpack-2.0.1/lib/action_controller/benchmarking.rb:68:in `perform_action_without_rescue'
    /usr/local/lib/ruby/1.8/benchmark.rb:293:in `measure'
    /usr/local/lib/ruby/gems/1.8/gems/actionpack-2.0.1/lib/action_controller/benchmarking.rb:68:in `perform_action_without_rescue'
    /usr/local/lib/ruby/gems/1.8/gems/actionpack-2.0.1/lib/action_controller/rescue.rb:199:in `perform_action_without_caching'
    /usr/local/lib/ruby/gems/1.8/gems/actionpack-2.0.1/lib/action_controller/caching.rb:678:in `perform_action'
    /usr/local/lib/ruby/gems/1.8/gems/activerecord-2.0.1/lib/active_record/connection_adapters/abstract/query_cache.rb:33:in `cache'
    /usr/local/lib/ruby/gems/1.8/gems/activerecord-2.0.1/lib/active_record/query_cache.rb:8:in `cache'
    /usr/local/lib/ruby/gems/1.8/gems/actionpack-2.0.1/lib/action_controller/caching.rb:677:in `perform_action'
    /usr/local/lib/ruby/gems/1.8/gems/actionpack-2.0.1/lib/action_controller/base.rb:524:in `send'
    /usr/local/lib/ruby/gems/1.8/gems/actionpack-2.0.1/lib/action_controller/base.rb:524:in `process_without_filters'
    /usr/local/lib/ruby/gems/1.8/gems/actionpack-2.0.1/lib/action_controller/filters.rb:685:in `process_without_session_management_support'
    /usr/local/lib/ruby/gems/1.8/gems/actionpack-2.0.1/lib/action_controller/session_management.rb:123:in `process'
    /usr/local/lib/ruby/gems/1.8/gems/actionpack-2.0.1/lib/action_controller/base.rb:388:in `process'
    /usr/local/lib/ruby/gems/1.8/gems/actionpack-2.0.1/lib/action_controller/dispatcher.rb:171:in `handle_request'
    /usr/local/lib/ruby/gems/1.8/gems/actionpack-2.0.1/lib/action_controller/dispatcher.rb:115:in `dispatch'
    /usr/local/lib/ruby/gems/1.8/gems/actionpack-2.0.1/lib/action_controller/dispatcher.rb:126:in `dispatch_cgi'
    /usr/local/lib/ruby/gems/1.8/gems/actionpack-2.0.1/lib/action_controller/dispatcher.rb:9:in `dispatch'
    /usr/local/lib/ruby/gems/1.8/gems/mongrel-1.1.1/lib/mongrel/rails.rb:76:in `process'
    /usr/local/lib/ruby/gems/1.8/gems/mongrel-1.1.1/lib/mongrel/rails.rb:74:in `synchronize'
    /usr/local/lib/ruby/gems/1.8/gems/mongrel-1.1.1/lib/mongrel/rails.rb:74:in `process'
    /usr/local/lib/ruby/gems/1.8/gems/mongrel-1.1.1/lib/mongrel.rb:155:in `process_client'
    /usr/local/lib/ruby/gems/1.8/gems/mongrel-1.1.1/lib/mongrel.rb:154:in `each'
    /usr/local/lib/ruby/gems/1.8/gems/mongrel-1.1.1/lib/mongrel.rb:154:in `process_client'
    /usr/local/lib/ruby/gems/1.8/gems/mongrel-1.1.1/lib/mongrel.rb:281:in `run'
    /usr/local/lib/ruby/gems/1.8/gems/mongrel-1.1.1/lib/mongrel.rb:281:in `initialize'
    /usr/local/lib/ruby/gems/1.8/gems/mongrel-1.1.1/lib/mongrel.rb:281:in `new'
    /usr/local/lib/ruby/gems/1.8/gems/mongrel-1.1.1/lib/mongrel.rb:281:in `run'
    /usr/local/lib/ruby/gems/1.8/gems/mongrel-1.1.1/lib/mongrel.rb:264:in `initialize'
    /usr/local/lib/ruby/gems/1.8/gems/mongrel-1.1.1/lib/mongrel.rb:264:in `new'
    /usr/local/lib/ruby/gems/1.8/gems/mongrel-1.1.1/lib/mongrel.rb:264:in `run'
    /usr/local/lib/ruby/gems/1.8/gems/mongrel-1.1.1/lib/mongrel/configurator.rb:282:in `run'
    /usr/local/lib/ruby/gems/1.8/gems/mongrel-1.1.1/lib/mongrel/configurator.rb:281:in `each'
    /usr/local/lib/ruby/gems/1.8/gems/mongrel-1.1.1/lib/mongrel/configurator.rb:281:in `run'
    /usr/local/lib/ruby/gems/1.8/gems/mongrel-1.1.1/bin/mongrel_rails:128:in `run'
    /usr/local/lib/ruby/gems/1.8/gems/mongrel-1.1.1/lib/mongrel/command.rb:212:in `run'
    /usr/local/lib/ruby/gems/1.8/gems/mongrel-1.1.1/bin/mongrel_rails:281
    /usr/local/bin/mongrel_rails:16:in `load'
    /usr/local/bin/mongrel_rails:16

Rendering /usr/local/lib/ruby/gems/1.8/gems/actionpack-2.0.1/lib/action_controller/templates/rescues/layout.erb (internal_server_error)


Processing SignupsController#new (for 127.0.0.1 at 2007-12-19 21:26:38) [GET]
  Session ID: BAh7BzoMY3NyZl9pZCIlNDYyYmFkNDBjNzc1YmYwMzhmNzZhYmZhYzE2NTIx%0AZmMiCmZsYXNoSUM6J0FjdGlvbkNvbnRyb2xsZXI6OkZsYXNoOjpGbGFzaEhh%0Ac2h7AAY6CkB1c2VkewA%3D--d7cb5dfd2371099b55720aaf7be456101d72bf01
  Parameters: {"action"=>"new", "controller"=>"signups"}
  [4;35;1mSignup Columns (0.002999)[0m   [0mSHOW FIELDS FROM `signups`[0m
Rendering template within layouts/signups
Rendering signups/new
Completed in 0.07451 (13 reqs/sec) | Rendering: 0.00733 (9%) | DB: 0.00300 (4%) | 200 OK [http://localhost/]


Processing SignupsController#new (for 127.0.0.1 at 2007-12-19 21:27:00) [GET]
  Session ID: BAh7BzoMY3NyZl9pZCIlNDYyYmFkNDBjNzc1YmYwMzhmNzZhYmZhYzE2NTIx%0AZmMiCmZsYXNoSUM6J0FjdGlvbkNvbnRyb2xsZXI6OkZsYXNoOjpGbGFzaEhh%0Ac2h7AAY6CkB1c2VkewA%3D--d7cb5dfd2371099b55720aaf7be456101d72bf01
  Parameters: {"action"=>"new", "controller"=>"signups"}
  [4;36;1mSignup Columns (0.002485)[0m   [0;1mSHOW FIELDS FROM `signups`[0m
Rendering template within layouts/signups
Rendering signups/new
Completed in 0.01382 (72 reqs/sec) | Rendering: 0.00591 (42%) | DB: 0.00249 (17%) | 200 OK [http://localhost/]


Processing SignupsController#new (for 127.0.0.1 at 2007-12-19 21:27:16) [GET]
  Session ID: BAh7BzoMY3NyZl9pZCIlNDYyYmFkNDBjNzc1YmYwMzhmNzZhYmZhYzE2NTIx%0AZmMiCmZsYXNoSUM6J0FjdGlvbkNvbnRyb2xsZXI6OkZsYXNoOjpGbGFzaEhh%0Ac2h7AAY6CkB1c2VkewA%3D--d7cb5dfd2371099b55720aaf7be456101d72bf01
  Parameters: {"action"=>"new", "controller"=>"signups"}
  [4;35;1mSignup Columns (0.001773)[0m   [0mSHOW FIELDS FROM `signups`[0m
Rendering template within layouts/signups
Rendering signups/new
Completed in 0.01037 (96 reqs/sec) | Rendering: 0.00351 (33%) | DB: 0.00177 (17%) | 200 OK [http://localhost/]


Processing SignupsController#new (for 127.0.0.1 at 2007-12-19 21:28:00) [GET]
  Session ID: BAh7BzoMY3NyZl9pZCIlNDYyYmFkNDBjNzc1YmYwMzhmNzZhYmZhYzE2NTIx%0AZmMiCmZsYXNoSUM6J0FjdGlvbkNvbnRyb2xsZXI6OkZsYXNoOjpGbGFzaEhh%0Ac2h7AAY6CkB1c2VkewA%3D--d7cb5dfd2371099b55720aaf7be456101d72bf01
  Parameters: {"action"=>"new", "controller"=>"signups"}
  [4;36;1mSignup Columns (0.001993)[0m   [0;1mSHOW FIELDS FROM `signups`[0m
Rendering template within layouts/signups
Rendering signups/new
Completed in 0.01042 (96 reqs/sec) | Rendering: 0.00342 (32%) | DB: 0.00199 (19%) | 200 OK [http://localhost/]


Processing SignupsController#new (for 127.0.0.1 at 2007-12-19 21:28:11) [GET]
  Session ID: BAh7BzoMY3NyZl9pZCIlNDYyYmFkNDBjNzc1YmYwMzhmNzZhYmZhYzE2NTIx%0AZmMiCmZsYXNoSUM6J0FjdGlvbkNvbnRyb2xsZXI6OkZsYXNoOjpGbGFzaEhh%0Ac2h7AAY6CkB1c2VkewA%3D--d7cb5dfd2371099b55720aaf7be456101d72bf01
  Parameters: {"action"=>"new", "controller"=>"signups"}
  [4;35;1mSignup Columns (0.001914)[0m   [0mSHOW FIELDS FROM `signups`[0m
Rendering template within layouts/signups
Rendering signups/new
Completed in 0.00985 (101 reqs/sec) | Rendering: 0.00271 (27%) | DB: 0.00191 (19%) | 200 OK [http://localhost/]


Processing SignupsController#new (for 127.0.0.1 at 2007-12-19 21:28:29) [GET]
  Session ID: BAh7BzoMY3NyZl9pZCIlNDYyYmFkNDBjNzc1YmYwMzhmNzZhYmZhYzE2NTIx%0AZmMiCmZsYXNoSUM6J0FjdGlvbkNvbnRyb2xsZXI6OkZsYXNoOjpGbGFzaEhh%0Ac2h7AAY6CkB1c2VkewA%3D--d7cb5dfd2371099b55720aaf7be456101d72bf01
  Parameters: {"action"=>"new", "controller"=>"signups"}
  [4;36;1mSignup Columns (0.002905)[0m   [0;1mSHOW FIELDS FROM `signups`[0m
Rendering template within layouts/signups
Rendering signups/new
Completed in 0.01420 (70 reqs/sec) | Rendering: 0.00602 (42%) | DB: 0.00290 (20%) | 200 OK [http://localhost/]


Processing SignupsController#new (for 127.0.0.1 at 2007-12-19 21:28:52) [GET]
  Session ID: BAh7BzoMY3NyZl9pZCIlNDYyYmFkNDBjNzc1YmYwMzhmNzZhYmZhYzE2NTIx%0AZmMiCmZsYXNoSUM6J0FjdGlvbkNvbnRyb2xsZXI6OkZsYXNoOjpGbGFzaEhh%0Ac2h7AAY6CkB1c2VkewA%3D--d7cb5dfd2371099b55720aaf7be456101d72bf01
  Parameters: {"action"=>"new", "controller"=>"signups"}
  [4;35;1mSignup Columns (0.002633)[0m   [0mSHOW FIELDS FROM `signups`[0m
Rendering template within layouts/signups
Rendering signups/new
Completed in 0.01272 (78 reqs/sec) | Rendering: 0.00447 (35%) | DB: 0.00263 (20%) | 200 OK [http://localhost/]


Processing SignupsController#new (for 127.0.0.1 at 2007-12-19 21:29:08) [GET]
  Session ID: BAh7BzoMY3NyZl9pZCIlNDYyYmFkNDBjNzc1YmYwMzhmNzZhYmZhYzE2NTIx%0AZmMiCmZsYXNoSUM6J0FjdGlvbkNvbnRyb2xsZXI6OkZsYXNoOjpGbGFzaEhh%0Ac2h7AAY6CkB1c2VkewA%3D--d7cb5dfd2371099b55720aaf7be456101d72bf01
  Parameters: {"action"=>"new", "controller"=>"signups"}
  [4;36;1mSignup Columns (0.065083)[0m   [0;1mSHOW FIELDS FROM `signups`[0m
Rendering template within layouts/signups
Rendering signups/new
Completed in 0.07489 (13 reqs/sec) | Rendering: 0.00452 (6%) | DB: 0.06508 (86%) | 200 OK [http://localhost/]


Processing SignupsController#new (for 127.0.0.1 at 2007-12-19 21:29:15) [GET]
  Session ID: BAh7BzoMY3NyZl9pZCIlNDYyYmFkNDBjNzc1YmYwMzhmNzZhYmZhYzE2NTIx%0AZmMiCmZsYXNoSUM6J0FjdGlvbkNvbnRyb2xsZXI6OkZsYXNoOjpGbGFzaEhh%0Ac2h7AAY6CkB1c2VkewA%3D--d7cb5dfd2371099b55720aaf7be456101d72bf01
  Parameters: {"action"=>"new", "controller"=>"signups"}
  [4;35;1mSignup Columns (0.002487)[0m   [0mSHOW FIELDS FROM `signups`[0m
Rendering template within layouts/signups
Rendering signups/new
Completed in 0.06298 (15 reqs/sec) | Rendering: 0.00473 (7%) | DB: 0.00249 (3%) | 200 OK [http://localhost/]


Processing SignupsController#new (for 127.0.0.1 at 2007-12-19 21:29:20) [GET]
  Session ID: BAh7BzoMY3NyZl9pZCIlNDYyYmFkNDBjNzc1YmYwMzhmNzZhYmZhYzE2NTIx%0AZmMiCmZsYXNoSUM6J0FjdGlvbkNvbnRyb2xsZXI6OkZsYXNoOjpGbGFzaEhh%0Ac2h7AAY6CkB1c2VkewA%3D--d7cb5dfd2371099b55720aaf7be456101d72bf01
  Parameters: {"action"=>"new", "controller"=>"signups"}
  [4;36;1mSignup Columns (0.002507)[0m   [0;1mSHOW FIELDS FROM `signups`[0m
Rendering template within layouts/signups
Rendering signups/new
Completed in 0.01264 (79 reqs/sec) | Rendering: 0.00445 (35%) | DB: 0.00251 (19%) | 200 OK [http://localhost/]


Processing SignupsController#new (for 127.0.0.1 at 2007-12-19 21:29:40) [GET]
  Session ID: BAh7BzoMY3NyZl9pZCIlNDYyYmFkNDBjNzc1YmYwMzhmNzZhYmZhYzE2NTIx%0AZmMiCmZsYXNoSUM6J0FjdGlvbkNvbnRyb2xsZXI6OkZsYXNoOjpGbGFzaEhh%0Ac2h7AAY6CkB1c2VkewA%3D--d7cb5dfd2371099b55720aaf7be456101d72bf01
  Parameters: {"action"=>"new", "controller"=>"signups"}
  [4;35;1mSignup Columns (0.002461)[0m   [0mSHOW FIELDS FROM `signups`[0m
Rendering template within layouts/signups
Rendering signups/new
Completed in 0.01303 (76 reqs/sec) | Rendering: 0.00469 (36%) | DB: 0.00246 (18%) | 200 OK [http://localhost/]


Processing SignupsController#new (for 127.0.0.1 at 2007-12-19 21:30:08) [GET]
  Session ID: BAh7BzoMY3NyZl9pZCIlNDYyYmFkNDBjNzc1YmYwMzhmNzZhYmZhYzE2NTIx%0AZmMiCmZsYXNoSUM6J0FjdGlvbkNvbnRyb2xsZXI6OkZsYXNoOjpGbGFzaEhh%0Ac2h7AAY6CkB1c2VkewA%3D--d7cb5dfd2371099b55720aaf7be456101d72bf01
  Parameters: {"action"=>"new", "controller"=>"signups"}
  [4;36;1mSignup Columns (0.002577)[0m   [0;1mSHOW FIELDS FROM `signups`[0m
Rendering template within layouts/signups
Rendering signups/new
Completed in 0.01282 (77 reqs/sec) | Rendering: 0.00454 (35%) | DB: 0.00258 (20%) | 200 OK [http://localhost/]


Processing SignupsController#new (for 127.0.0.1 at 2007-12-19 21:30:12) [GET]
  Session ID: BAh7BzoMY3NyZl9pZCIlNDYyYmFkNDBjNzc1YmYwMzhmNzZhYmZhYzE2NTIx%0AZmMiCmZsYXNoSUM6J0FjdGlvbkNvbnRyb2xsZXI6OkZsYXNoOjpGbGFzaEhh%0Ac2h7AAY6CkB1c2VkewA%3D--d7cb5dfd2371099b55720aaf7be456101d72bf01
  Parameters: {"action"=>"new", "controller"=>"signups"}
  [4;35;1mSignup Columns (0.001716)[0m   [0mSHOW FIELDS FROM `signups`[0m
Rendering template within layouts/signups
Rendering signups/new
Completed in 0.00966 (103 reqs/sec) | Rendering: 0.00270 (27%) | DB: 0.00172 (17%) | 200 OK [http://localhost/]


Processing SignupsController#new (for 127.0.0.1 at 2007-12-19 21:30:21) [GET]
  Session ID: BAh7BzoMY3NyZl9pZCIlNDYyYmFkNDBjNzc1YmYwMzhmNzZhYmZhYzE2NTIx%0AZmMiCmZsYXNoSUM6J0FjdGlvbkNvbnRyb2xsZXI6OkZsYXNoOjpGbGFzaEhh%0Ac2h7AAY6CkB1c2VkewA%3D--d7cb5dfd2371099b55720aaf7be456101d72bf01
  Parameters: {"action"=>"new", "controller"=>"signups"}
  [4;36;1mSignup Columns (0.002526)[0m   [0;1mSHOW FIELDS FROM `signups`[0m
Rendering template within layouts/signups
Rendering signups/new
Completed in 0.01527 (65 reqs/sec) | Rendering: 0.00452 (29%) | DB: 0.00253 (16%) | 200 OK [http://localhost/]


Processing SignupsController#new (for 127.0.0.1 at 2007-12-19 21:30:31) [GET]
  Session ID: BAh7BzoMY3NyZl9pZCIlNDYyYmFkNDBjNzc1YmYwMzhmNzZhYmZhYzE2NTIx%0AZmMiCmZsYXNoSUM6J0FjdGlvbkNvbnRyb2xsZXI6OkZsYXNoOjpGbGFzaEhh%0Ac2h7AAY6CkB1c2VkewA%3D--d7cb5dfd2371099b55720aaf7be456101d72bf01
  Parameters: {"action"=>"new", "controller"=>"signups"}
  [4;35;1mSignup Columns (0.002704)[0m   [0mSHOW FIELDS FROM `signups`[0m
Rendering template within layouts/signups
Rendering signups/new
Completed in 0.01363 (73 reqs/sec) | Rendering: 0.00449 (32%) | DB: 0.00270 (19%) | 200 OK [http://localhost/]


Processing SignupsController#new (for 127.0.0.1 at 2007-12-19 21:30:35) [GET]
  Session ID: BAh7BzoMY3NyZl9pZCIlNDYyYmFkNDBjNzc1YmYwMzhmNzZhYmZhYzE2NTIx%0AZmMiCmZsYXNoSUM6J0FjdGlvbkNvbnRyb2xsZXI6OkZsYXNoOjpGbGFzaEhh%0Ac2h7AAY6CkB1c2VkewA%3D--d7cb5dfd2371099b55720aaf7be456101d72bf01
  Parameters: {"action"=>"new", "controller"=>"signups"}
  [4;36;1mSignup Columns (0.001843)[0m   [0;1mSHOW FIELDS FROM `signups`[0m
Rendering template within layouts/signups
Rendering signups/new
Completed in 0.00991 (100 reqs/sec) | Rendering: 0.00290 (29%) | DB: 0.00184 (18%) | 200 OK [http://localhost/]


Processing SignupsController#new (for 127.0.0.1 at 2007-12-19 21:30:42) [GET]
  Session ID: BAh7BzoMY3NyZl9pZCIlNDYyYmFkNDBjNzc1YmYwMzhmNzZhYmZhYzE2NTIx%0AZmMiCmZsYXNoSUM6J0FjdGlvbkNvbnRyb2xsZXI6OkZsYXNoOjpGbGFzaEhh%0Ac2h7AAY6CkB1c2VkewA%3D--d7cb5dfd2371099b55720aaf7be456101d72bf01
  Parameters: {"action"=>"new", "controller"=>"signups"}
  [4;35;1mSignup Columns (0.002557)[0m   [0mSHOW FIELDS FROM `signups`[0m
Rendering template within layouts/signups
Rendering signups/new
Completed in 0.06229 (16 reqs/sec) | Rendering: 0.00436 (6%) | DB: 0.00256 (4%) | 200 OK [http://localhost/]


Processing SignupsController#new (for 127.0.0.1 at 2007-12-19 21:31:02) [GET]
  Session ID: BAh7BzoMY3NyZl9pZCIlNDYyYmFkNDBjNzc1YmYwMzhmNzZhYmZhYzE2NTIx%0AZmMiCmZsYXNoSUM6J0FjdGlvbkNvbnRyb2xsZXI6OkZsYXNoOjpGbGFzaEhh%0Ac2h7AAY6CkB1c2VkewA%3D--d7cb5dfd2371099b55720aaf7be456101d72bf01
  Parameters: {"action"=>"new", "controller"=>"signups"}
  [4;36;1mSignup Columns (0.002114)[0m   [0;1mSHOW FIELDS FROM `signups`[0m
Rendering template within layouts/signups
Rendering signups/new
Completed in 0.01174 (85 reqs/sec) | Rendering: 0.00374 (31%) | DB: 0.00211 (18%) | 200 OK [http://localhost/]


Processing SignupsController#new (for 127.0.0.1 at 2007-12-19 21:31:44) [GET]
  Session ID: BAh7BzoMY3NyZl9pZCIlNDYyYmFkNDBjNzc1YmYwMzhmNzZhYmZhYzE2NTIx%0AZmMiCmZsYXNoSUM6J0FjdGlvbkNvbnRyb2xsZXI6OkZsYXNoOjpGbGFzaEhh%0Ac2h7AAY6CkB1c2VkewA%3D--d7cb5dfd2371099b55720aaf7be456101d72bf01
  Parameters: {"action"=>"new", "controller"=>"signups"}
  [4;35;1mSignup Columns (0.001770)[0m   [0mSHOW FIELDS FROM `signups`[0m
Rendering template within layouts/signups
Rendering signups/new
Completed in 0.00949 (105 reqs/sec) | Rendering: 0.00272 (28%) | DB: 0.00177 (18%) | 200 OK [http://localhost/]


Processing SignupsController#create (for 127.0.0.1 at 2007-12-19 21:31:50) [POST]
  Session ID: BAh7BzoMY3NyZl9pZCIlNDYyYmFkNDBjNzc1YmYwMzhmNzZhYmZhYzE2NTIx%0AZmMiCmZsYXNoSUM6J0FjdGlvbkNvbnRyb2xsZXI6OkZsYXNoOjpGbGFzaEhh%0Ac2h7AAY6CkB1c2VkewA%3D--d7cb5dfd2371099b55720aaf7be456101d72bf01
  Parameters: {"commit"=>"Create", "authenticity_token"=>"97b14155c662286f6b1922fa3a26708dbb8c855c", "action"=>"create", "signup"=>{"zip"=>"", "email_confirmation"=>"", "firstname"=>"", "lastname"=>"", "email"=>""}, "controller"=>"signups"}
  [4;36;1mSignup Columns (0.002510)[0m   [0;1mSHOW FIELDS FROM `signups`[0m
  [4;35;1mSQL (0.000180)[0m   [0mBEGIN[0m
  [4;36;1mSignup Load (0.000436)[0m   [0;1mSELECT * FROM `signups` WHERE (signups.email = '') LIMIT 1[0m
  [4;35;1mSQL (0.000167)[0m   [0mCOMMIT[0m
Rendering template within layouts/signups
Rendering signups/new
Completed in 0.01315 (76 reqs/sec) | Rendering: 0.00207 (15%) | DB: 0.00329 (25%) | 200 OK [http://localhost/signups]


Processing SignupsController#create (for 127.0.0.1 at 2007-12-19 21:32:21) [POST]
  Session ID: BAh7BzoMY3NyZl9pZCIlNDYyYmFkNDBjNzc1YmYwMzhmNzZhYmZhYzE2NTIx%0AZmMiCmZsYXNoSUM6J0FjdGlvbkNvbnRyb2xsZXI6OkZsYXNoOjpGbGFzaEhh%0Ac2h7AAY6CkB1c2VkewA%3D--d7cb5dfd2371099b55720aaf7be456101d72bf01
  Parameters: {"commit"=>"Create", "authenticity_token"=>"97b14155c662286f6b1922fa3a26708dbb8c855c", "action"=>"create", "signup"=>{"zip"=>"", "email_confirmation"=>"", "firstname"=>"", "lastname"=>"", "email"=>""}, "controller"=>"signups"}
  [4;36;1mSignup Columns (0.001956)[0m   [0;1mSHOW FIELDS FROM `signups`[0m
  [4;35;1mSQL (0.000266)[0m   [0mBEGIN[0m
  [4;36;1mSignup Load (0.000244)[0m   [0;1mSELECT * FROM `signups` WHERE (signups.email = '') LIMIT 1[0m
  [4;35;1mSQL (0.000117)[0m   [0mCOMMIT[0m
Rendering template within layouts/signups
Rendering signups/new
Completed in 0.01314 (76 reqs/sec) | Rendering: 0.00217 (16%) | DB: 0.00258 (19%) | 200 OK [http://localhost/signups]


Processing SignupsController#index (for 127.0.0.1 at 2007-12-19 21:32:25) [GET]
  Session ID: BAh7BzoMY3NyZl9pZCIlNDYyYmFkNDBjNzc1YmYwMzhmNzZhYmZhYzE2NTIx%0AZmMiCmZsYXNoSUM6J0FjdGlvbkNvbnRyb2xsZXI6OkZsYXNoOjpGbGFzaEhh%0Ac2h7AAY6CkB1c2VkewA%3D--d7cb5dfd2371099b55720aaf7be456101d72bf01
  Parameters: {"action"=>"index", "controller"=>"signups"}
  [4;36;1mSignup Load (0.000276)[0m   [0;1mSELECT * FROM `signups` [0m
Rendering template within layouts/signups
Rendering signups/index
Completed in 0.00666 (150 reqs/sec) | Rendering: 0.00165 (24%) | DB: 0.00028 (4%) | 200 OK [http://localhost/signups]


Processing SignupsController#new (for 127.0.0.1 at 2007-12-19 21:32:28) [GET]
  Session ID: BAh7BzoMY3NyZl9pZCIlNDYyYmFkNDBjNzc1YmYwMzhmNzZhYmZhYzE2NTIx%0AZmMiCmZsYXNoSUM6J0FjdGlvbkNvbnRyb2xsZXI6OkZsYXNoOjpGbGFzaEhh%0Ac2h7AAY6CkB1c2VkewA%3D--d7cb5dfd2371099b55720aaf7be456101d72bf01
  Parameters: {"action"=>"new", "controller"=>"signups"}
  [4;35;1mSignup Columns (0.002436)[0m   [0mSHOW FIELDS FROM `signups`[0m
Rendering template within layouts/signups
Rendering signups/new
Completed in 0.01376 (72 reqs/sec) | Rendering: 0.00599 (43%) | DB: 0.00244 (17%) | 200 OK [http://localhost/signups/new]


Processing SignupsController#new (for 127.0.0.1 at 2007-12-19 21:32:34) [GET]
  Session ID: BAh7BzoMY3NyZl9pZCIlNDYyYmFkNDBjNzc1YmYwMzhmNzZhYmZhYzE2NTIx%0AZmMiCmZsYXNoSUM6J0FjdGlvbkNvbnRyb2xsZXI6OkZsYXNoOjpGbGFzaEhh%0Ac2h7AAY6CkB1c2VkewA%3D--d7cb5dfd2371099b55720aaf7be456101d72bf01
  Parameters: {"action"=>"new", "controller"=>"signups"}
  [4;36;1mSignup Columns (0.001987)[0m   [0;1mSHOW FIELDS FROM `signups`[0m
Rendering template within layouts/signups
Rendering signups/new
Completed in 0.00994 (100 reqs/sec) | Rendering: 0.00272 (27%) | DB: 0.00199 (19%) | 200 OK [http://localhost/signups/new]


Processing SignupsController#create (for 127.0.0.1 at 2007-12-19 21:33:06) [POST]
  Session ID: BAh7BzoMY3NyZl9pZCIlNDYyYmFkNDBjNzc1YmYwMzhmNzZhYmZhYzE2NTIx%0AZmMiCmZsYXNoSUM6J0FjdGlvbkNvbnRyb2xsZXI6OkZsYXNoOjpGbGFzaEhh%0Ac2h7AAY6CkB1c2VkewA%3D--d7cb5dfd2371099b55720aaf7be456101d72bf01
  Parameters: {"commit"=>"Create", "authenticity_token"=>"97b14155c662286f6b1922fa3a26708dbb8c855c", "action"=>"create", "signup"=>{"zip"=>"22201", "email_confirmation"=>"bobo@met.com", "firstname"=>"John", "lastname"=>"Athayde", "email"=>"bobo@meticulous.com"}, "controller"=>"signups"}
  [4;35;1mSignup Columns (0.002441)[0m   [0mSHOW FIELDS FROM `signups`[0m
  [4;36;1mSQL (0.000129)[0m   [0;1mBEGIN[0m
  [4;35;1mSignup Load (0.000273)[0m   [0mSELECT * FROM `signups` WHERE (signups.email = 'bobo@meticulous.com') LIMIT 1[0m
  [4;36;1mSQL (0.000156)[0m   [0;1mCOMMIT[0m
Rendering template within layouts/signups
Rendering signups/new
Completed in 0.01363 (73 reqs/sec) | Rendering: 0.00277 (20%) | DB: 0.00300 (22%) | 200 OK [http://localhost/signups]


Processing SignupsController#create (for 127.0.0.1 at 2007-12-19 21:33:13) [POST]
  Session ID: BAh7BzoMY3NyZl9pZCIlNDYyYmFkNDBjNzc1YmYwMzhmNzZhYmZhYzE2NTIx%0AZmMiCmZsYXNoSUM6J0FjdGlvbkNvbnRyb2xsZXI6OkZsYXNoOjpGbGFzaEhh%0Ac2h7AAY6CkB1c2VkewA%3D--d7cb5dfd2371099b55720aaf7be456101d72bf01
  Parameters: {"commit"=>"Create", "authenticity_token"=>"97b14155c662286f6b1922fa3a26708dbb8c855c", "action"=>"create", "signup"=>{"zip"=>"22201", "email_confirmation"=>"bobo@meticulous.com", "firstname"=>"John", "lastname"=>"Athayde", "email"=>"bobo@meticulous.com"}, "controller"=>"signups"}
  [4;35;1mSignup Columns (0.001976)[0m   [0mSHOW FIELDS FROM `signups`[0m
  [4;36;1mSQL (0.000121)[0m   [0;1mBEGIN[0m
  [4;35;1mSignup Load (0.000221)[0m   [0mSELECT * FROM `signups` WHERE (signups.email = 'bobo@meticulous.com') LIMIT 1[0m
  [4;36;1mSignup Create (0.000237)[0m   [0;1mINSERT INTO `signups` (`updated_at`, `zip`, `cell`, `firstname`, `lastname`, `created_at`, `email`) VALUES('2007-12-19 21:33:13', '22201', NULL, 'John', 'Athayde', '2007-12-19 21:33:13', 'bobo@meticulous.com')[0m
  [4;35;1mSQL (0.000777)[0m   [0mCOMMIT[0m
Redirected to http://localhost:3000/signups/1
Completed in 0.01143 (87 reqs/sec) | DB: 0.00333 (29%) | 302 Found [http://localhost/signups]


Processing SignupsController#show (for 127.0.0.1 at 2007-12-19 21:33:13) [GET]
  Session ID: BAh7BzoMY3NyZl9pZCIlNDYyYmFkNDBjNzc1YmYwMzhmNzZhYmZhYzE2NTIx%0AZmMiCmZsYXNoSUM6J0FjdGlvbkNvbnRyb2xsZXI6OkZsYXNoOjpGbGFzaEhh%0Ac2h7BjoLbm90aWNlIiVTaWdudXAgd2FzIHN1Y2Nlc3NmdWxseSBjcmVhdGVk%0ALgY6CkB1c2VkewY7B1Q%3D--ee0c36e39c22cd3dee828b1d53d0e0aed7c6fe30
  Parameters: {"action"=>"show", "id"=>"1", "controller"=>"signups"}
  [4;36;1mSignup Columns (0.002557)[0m   [0;1mSHOW FIELDS FROM `signups`[0m
  [4;35;1mSignup Load (0.000459)[0m   [0mSELECT * FROM `signups` WHERE (`signups`.`id` = 1) [0m
Rendering template within layouts/signups
Rendering signups/show
Completed in 0.01096 (91 reqs/sec) | Rendering: 0.00222 (20%) | DB: 0.00302 (27%) | 200 OK [http://localhost/signups/1]


Processing SignupsController#show (for 127.0.0.1 at 2007-12-19 21:34:03) [GET]
  Session ID: BAh7BzoMY3NyZl9pZCIlNDYyYmFkNDBjNzc1YmYwMzhmNzZhYmZhYzE2NTIx%0AZmMiCmZsYXNoSUM6J0FjdGlvbkNvbnRyb2xsZXI6OkZsYXNoOjpGbGFzaEhh%0Ac2h7AAY6CkB1c2VkewA%3D--d7cb5dfd2371099b55720aaf7be456101d72bf01
  Parameters: {"action"=>"show", "id"=>"1", "controller"=>"signups"}
  [4;36;1mSignup Columns (0.001832)[0m   [0;1mSHOW FIELDS FROM `signups`[0m
  [4;35;1mSignup Load (0.000242)[0m   [0mSELECT * FROM `signups` WHERE (`signups`.`id` = 1) [0m
Rendering template within layouts/signups
Rendering signups/show
Completed in 0.00909 (110 reqs/sec) | Rendering: 0.00182 (20%) | DB: 0.00207 (22%) | 200 OK [http://localhost/signups/1]


Processing SignupsController#show (for 127.0.0.1 at 2007-12-19 21:34:05) [GET]
  Session ID: BAh7BzoMY3NyZl9pZCIlNDYyYmFkNDBjNzc1YmYwMzhmNzZhYmZhYzE2NTIx%0AZmMiCmZsYXNoSUM6J0FjdGlvbkNvbnRyb2xsZXI6OkZsYXNoOjpGbGFzaEhh%0Ac2h7AAY6CkB1c2VkewA%3D--d7cb5dfd2371099b55720aaf7be456101d72bf01
  Parameters: {"action"=>"show", "id"=>"1", "controller"=>"signups"}
  [4;36;1mSignup Columns (0.002662)[0m   [0;1mSHOW FIELDS FROM `signups`[0m
  [4;35;1mSignup Load (0.000353)[0m   [0mSELECT * FROM `signups` WHERE (`signups`.`id` = 1) [0m
Rendering template within layouts/signups
Rendering signups/show
Completed in 0.01078 (92 reqs/sec) | Rendering: 0.00208 (19%) | DB: 0.00302 (27%) | 200 OK [http://localhost/signups/1]


Processing SignupsController#index (for 127.0.0.1 at 2007-12-19 21:34:07) [GET]
  Session ID: BAh7BzoMY3NyZl9pZCIlNDYyYmFkNDBjNzc1YmYwMzhmNzZhYmZhYzE2NTIx%0AZmMiCmZsYXNoSUM6J0FjdGlvbkNvbnRyb2xsZXI6OkZsYXNoOjpGbGFzaEhh%0Ac2h7AAY6CkB1c2VkewA%3D--d7cb5dfd2371099b55720aaf7be456101d72bf01
  Parameters: {"action"=>"index", "controller"=>"signups"}
  [4;36;1mSignup Load (0.000295)[0m   [0;1mSELECT * FROM `signups` [0m
Rendering template within layouts/signups
Rendering signups/index
  [4;35;1mSignup Columns (0.001752)[0m   [0mSHOW FIELDS FROM `signups`[0m
Completed in 0.00943 (106 reqs/sec) | Rendering: 0.00200 (21%) | DB: 0.00205 (21%) | 200 OK [http://localhost/signups]


Processing SignupsController#index (for 127.0.0.1 at 2007-12-19 21:34:38) [GET]
  Session ID: BAh7BzoMY3NyZl9pZCIlNDYyYmFkNDBjNzc1YmYwMzhmNzZhYmZhYzE2NTIx%0AZmMiCmZsYXNoSUM6J0FjdGlvbkNvbnRyb2xsZXI6OkZsYXNoOjpGbGFzaEhh%0Ac2h7AAY6CkB1c2VkewA%3D--d7cb5dfd2371099b55720aaf7be456101d72bf01
  Parameters: {"action"=>"index", "controller"=>"signups"}
  [4;36;1mSignup Load (0.000300)[0m   [0;1mSELECT * FROM `signups` [0m
Rendering template within layouts/signups
Rendering signups/index
  [4;35;1mSignup Columns (0.001837)[0m   [0mSHOW FIELDS FROM `signups`[0m
Completed in 0.01026 (97 reqs/sec) | Rendering: 0.00277 (27%) | DB: 0.00214 (20%) | 200 OK [http://localhost/signups]


Processing SignupsController#index (for 127.0.0.1 at 2007-12-19 21:34:39) [GET]
  Session ID: BAh7BzoMY3NyZl9pZCIlNDYyYmFkNDBjNzc1YmYwMzhmNzZhYmZhYzE2NTIx%0AZmMiCmZsYXNoSUM6J0FjdGlvbkNvbnRyb2xsZXI6OkZsYXNoOjpGbGFzaEhh%0Ac2h7AAY6CkB1c2VkewA%3D--d7cb5dfd2371099b55720aaf7be456101d72bf01
  Parameters: {"action"=>"index", "controller"=>"signups"}
  [4;36;1mSignup Load (0.000345)[0m   [0;1mSELECT * FROM `signups` [0m
Rendering template within layouts/signups
Rendering signups/index
  [4;35;1mSignup Columns (0.002424)[0m   [0mSHOW FIELDS FROM `signups`[0m
Completed in 0.00949 (105 reqs/sec) | Rendering: 0.00200 (21%) | DB: 0.00277 (29%) | 200 OK [http://localhost/signups]


Processing SignupsController#index (for 127.0.0.1 at 2007-12-19 21:34:46) [GET]
  Session ID: BAh7BzoMY3NyZl9pZCIlNDYyYmFkNDBjNzc1YmYwMzhmNzZhYmZhYzE2NTIx%0AZmMiCmZsYXNoSUM6J0FjdGlvbkNvbnRyb2xsZXI6OkZsYXNoOjpGbGFzaEhh%0Ac2h7AAY6CkB1c2VkewA%3D--d7cb5dfd2371099b55720aaf7be456101d72bf01
  Parameters: {"action"=>"index", "controller"=>"signups"}
  [4;36;1mSignup Load (0.000276)[0m   [0;1mSELECT * FROM `signups` [0m
Rendering template within layouts/signups
Rendering signups/index
  [4;35;1mSignup Columns (0.002362)[0m   [0mSHOW FIELDS FROM `signups`[0m
Completed in 0.01119 (89 reqs/sec) | Rendering: 0.00402 (35%) | DB: 0.00264 (23%) | 200 OK [http://localhost/signups]


Processing SignupsController#new (for 127.0.0.1 at 2007-12-19 22:35:48) [GET]
  Session ID: BAh7BzoMY3NyZl9pZCIlNDYyYmFkNDBjNzc1YmYwMzhmNzZhYmZhYzE2NTIx%0AZmMiCmZsYXNoSUM6J0FjdGlvbkNvbnRyb2xsZXI6OkZsYXNoOjpGbGFzaEhh%0Ac2h7AAY6CkB1c2VkewA%3D--d7cb5dfd2371099b55720aaf7be456101d72bf01
  Parameters: {"action"=>"new", "controller"=>"signups"}
  [4;36;1mSignup Columns (0.001812)[0m   [0;1mSHOW FIELDS FROM `signups`[0m
Rendering template within layouts/signups
Rendering signups/new
Completed in 0.01072 (93 reqs/sec) | Rendering: 0.00375 (34%) | DB: 0.00181 (16%) | 200 OK [http://localhost/signups/new]
  [4;36;1mSQL (0.054083)[0m   [0;1mSET NAMES 'utf8'[0m
  [4;35;1mSQL (0.032925)[0m   [0mSET SQL_AUTO_IS_NULL=0[0m
  [4;36;1mSQL (0.000000)[0m   [0;1mMysql::Error: Table 'schema_info' already exists: CREATE TABLE `schema_info` (version int(11))[0m
  [4;35;1mSQL (0.000000)[0m   [0mMysql::Error: Table 'schema_info' already exists: CREATE TABLE `schema_info` (version int(11))[0m
  [4;36;1mSQL (0.078386)[0m   [0;1mSELECT version FROM schema_info[0m
  [4;35;1mSQL (0.002062)[0m   [0mSELECT * FROM schema_info[0m
  [4;36;1mSQL (0.002597)[0m   [0;1mSHOW TABLES[0m
  [4;35;1mSQL (0.131699)[0m   [0mSHOW FIELDS FROM `signups`[0m
  [4;36;1mSQL (0.001938)[0m   [0;1mdescribe `signups`[0m
  [4;35;1mSQL (0.000478)[0m   [0mSHOW KEYS FROM `signups`[0m


Processing ApplicationController#index (for 127.0.0.1 at 2008-01-06 18:48:55) [GET]
  Session ID: 3f9bbe4a759a202187c3adeddc34f64b
  Parameters: {}


ActionController::RoutingError (No route matches "/images/" with {:method=>:get}):
    /usr/local/lib/ruby/gems/1.8/gems/actionpack-2.0.1/lib/action_controller/routing.rb:1438:in `recognize_path'
    /usr/local/lib/ruby/gems/1.8/gems/actionpack-2.0.1/lib/action_controller/routing.rb:1421:in `recognize'
    /usr/local/lib/ruby/gems/1.8/gems/actionpack-2.0.1/lib/action_controller/dispatcher.rb:170:in `handle_request'
    /usr/local/lib/ruby/gems/1.8/gems/actionpack-2.0.1/lib/action_controller/dispatcher.rb:115:in `dispatch'
    /usr/local/lib/ruby/gems/1.8/gems/actionpack-2.0.1/lib/action_controller/dispatcher.rb:126:in `dispatch_cgi'
    /usr/local/lib/ruby/gems/1.8/gems/actionpack-2.0.1/lib/action_controller/dispatcher.rb:9:in `dispatch'
    /usr/local/lib/ruby/gems/1.8/gems/mongrel-1.1.2/bin/../lib/mongrel/rails.rb:76:in `process'
    /usr/local/lib/ruby/gems/1.8/gems/mongrel-1.1.2/bin/../lib/mongrel/rails.rb:74:in `synchronize'
    /usr/local/lib/ruby/gems/1.8/gems/mongrel-1.1.2/bin/../lib/mongrel/rails.rb:74:in `process'
    /usr/local/lib/ruby/gems/1.8/gems/mongrel-1.1.2/bin/../lib/mongrel.rb:159:in `process_client'
    /usr/local/lib/ruby/gems/1.8/gems/mongrel-1.1.2/bin/../lib/mongrel.rb:158:in `each'
    /usr/local/lib/ruby/gems/1.8/gems/mongrel-1.1.2/bin/../lib/mongrel.rb:158:in `process_client'
    /usr/local/lib/ruby/gems/1.8/gems/mongrel-1.1.2/bin/../lib/mongrel.rb:285:in `run'
    /usr/local/lib/ruby/gems/1.8/gems/mongrel-1.1.2/bin/../lib/mongrel.rb:285:in `initialize'
    /usr/local/lib/ruby/gems/1.8/gems/mongrel-1.1.2/bin/../lib/mongrel.rb:285:in `new'
    /usr/local/lib/ruby/gems/1.8/gems/mongrel-1.1.2/bin/../lib/mongrel.rb:285:in `run'
    /usr/local/lib/ruby/gems/1.8/gems/mongrel-1.1.2/bin/../lib/mongrel.rb:268:in `initialize'
    /usr/local/lib/ruby/gems/1.8/gems/mongrel-1.1.2/bin/../lib/mongrel.rb:268:in `new'
    /usr/local/lib/ruby/gems/1.8/gems/mongrel-1.1.2/bin/../lib/mongrel.rb:268:in `run'
    /usr/local/lib/ruby/gems/1.8/gems/mongrel-1.1.2/bin/../lib/mongrel/configurator.rb:282:in `run'
    /usr/local/lib/ruby/gems/1.8/gems/mongrel-1.1.2/bin/../lib/mongrel/configurator.rb:281:in `each'
    /usr/local/lib/ruby/gems/1.8/gems/mongrel-1.1.2/bin/../lib/mongrel/configurator.rb:281:in `run'
    /usr/local/lib/ruby/gems/1.8/gems/mongrel-1.1.2/bin/mongrel_rails:128:in `run'
    /usr/local/lib/ruby/gems/1.8/gems/mongrel-1.1.2/bin/../lib/mongrel/command.rb:212:in `run'
    /usr/local/lib/ruby/gems/1.8/gems/mongrel-1.1.2/bin/mongrel_rails:281
    /usr/local/bin/mongrel_rails:19:in `load'
    /usr/local/bin/mongrel_rails:19

Rendering /usr/local/lib/ruby/gems/1.8/gems/actionpack-2.0.1/lib/action_controller/templates/rescues/layout.erb (not_found)


Processing SignupsController#new (for 127.0.0.1 at 2008-01-06 18:49:01) [GET]
  Session ID: BAh7BiIKZmxhc2hJQzonQWN0aW9uQ29udHJvbGxlcjo6Rmxhc2g6OkZsYXNo%0ASGFzaHsABjoKQHVzZWR7AA%3D%3D--40844fdee6312f8b0bb769fb24b710b5089b628b
  Parameters: {"action"=>"new", "controller"=>"signups"}
  [4;36;1mSQL (0.054096)[0m   [0;1mSET NAMES 'utf8'[0m
  [4;35;1mSQL (0.017876)[0m   [0mSET SQL_AUTO_IS_NULL=0[0m
  [4;36;1mSignup Columns (0.220776)[0m   [0;1mSHOW FIELDS FROM `signups`[0m
Rendering template within layouts/signups
Rendering signups/new
Completed in 0.29865 (3 reqs/sec) | Rendering: 0.04697 (15%) | DB: 0.29275 (98%) | 200 OK [http://localhost/]


Processing ApplicationController#index (for 127.0.0.1 at 2008-01-06 21:59:27) [GET]
  Session ID: BAh7BzoMY3NyZl9pZCIlMDY2NTUyYzQ4ZTQyZjAzMmQ2YTBiZDM4YjY1OWVl%0ANGEiCmZsYXNoSUM6J0FjdGlvbkNvbnRyb2xsZXI6OkZsYXNoOjpGbGFzaEhh%0Ac2h7AAY6CkB1c2VkewA%3D--f13a362c32f8545184565e829698e6aff3a537cf
  Parameters: {}


ActionController::RoutingError (No route matches "/images/interstitial.jpg" with {:method=>:get}):
    /usr/local/lib/ruby/gems/1.8/gems/actionpack-2.0.1/lib/action_controller/routing.rb:1438:in `recognize_path'
    /usr/local/lib/ruby/gems/1.8/gems/actionpack-2.0.1/lib/action_controller/routing.rb:1421:in `recognize'
    /usr/local/lib/ruby/gems/1.8/gems/actionpack-2.0.1/lib/action_controller/dispatcher.rb:170:in `handle_request'
    /usr/local/lib/ruby/gems/1.8/gems/actionpack-2.0.1/lib/action_controller/dispatcher.rb:115:in `dispatch'
    /usr/local/lib/ruby/gems/1.8/gems/actionpack-2.0.1/lib/action_controller/dispatcher.rb:126:in `dispatch_cgi'
    /usr/local/lib/ruby/gems/1.8/gems/actionpack-2.0.1/lib/action_controller/dispatcher.rb:9:in `dispatch'
    /usr/local/lib/ruby/gems/1.8/gems/mongrel-1.1.2/bin/../lib/mongrel/rails.rb:76:in `process'
    /usr/local/lib/ruby/gems/1.8/gems/mongrel-1.1.2/bin/../lib/mongrel/rails.rb:74:in `synchronize'
    /usr/local/lib/ruby/gems/1.8/gems/mongrel-1.1.2/bin/../lib/mongrel/rails.rb:74:in `process'
    /usr/local/lib/ruby/gems/1.8/gems/mongrel-1.1.2/bin/../lib/mongrel.rb:159:in `process_client'
    /usr/local/lib/ruby/gems/1.8/gems/mongrel-1.1.2/bin/../lib/mongrel.rb:158:in `each'
    /usr/local/lib/ruby/gems/1.8/gems/mongrel-1.1.2/bin/../lib/mongrel.rb:158:in `process_client'
    /usr/local/lib/ruby/gems/1.8/gems/mongrel-1.1.2/bin/../lib/mongrel.rb:285:in `run'
    /usr/local/lib/ruby/gems/1.8/gems/mongrel-1.1.2/bin/../lib/mongrel.rb:285:in `initialize'
    /usr/local/lib/ruby/gems/1.8/gems/mongrel-1.1.2/bin/../lib/mongrel.rb:285:in `new'
    /usr/local/lib/ruby/gems/1.8/gems/mongrel-1.1.2/bin/../lib/mongrel.rb:285:in `run'
    /usr/local/lib/ruby/gems/1.8/gems/mongrel-1.1.2/bin/../lib/mongrel.rb:268:in `initialize'
    /usr/local/lib/ruby/gems/1.8/gems/mongrel-1.1.2/bin/../lib/mongrel.rb:268:in `new'
    /usr/local/lib/ruby/gems/1.8/gems/mongrel-1.1.2/bin/../lib/mongrel.rb:268:in `run'
    /usr/local/lib/ruby/gems/1.8/gems/mongrel-1.1.2/bin/../lib/mongrel/configurator.rb:282:in `run'
    /usr/local/lib/ruby/gems/1.8/gems/mongrel-1.1.2/bin/../lib/mongrel/configurator.rb:281:in `each'
    /usr/local/lib/ruby/gems/1.8/gems/mongrel-1.1.2/bin/../lib/mongrel/configurator.rb:281:in `run'
    /usr/local/lib/ruby/gems/1.8/gems/mongrel-1.1.2/bin/mongrel_rails:128:in `run'
    /usr/local/lib/ruby/gems/1.8/gems/mongrel-1.1.2/bin/../lib/mongrel/command.rb:212:in `run'
    /usr/local/lib/ruby/gems/1.8/gems/mongrel-1.1.2/bin/mongrel_rails:281
    /usr/local/bin/mongrel_rails:19:in `load'
    /usr/local/bin/mongrel_rails:19

Rendering /usr/local/lib/ruby/gems/1.8/gems/actionpack-2.0.1/lib/action_controller/templates/rescues/layout.erb (not_found)
